97.08.01 17:15 B D:\aamymatlab\mmp\wbo\0262a <-- europa /europaHD/aamymatlab/mmp/wbo/ 0262a
97.08.01 17:15 B D:\aamymatlab\mmp\wbo\0266a <-- europa /europaHD/aamymatlab/mmp/wbo/ 0266a
97.08.01 17:15 B D:\aamymatlab\mmp\wbo\0279a <-- europa /europaHD/aamymatlab/mmp/wbo/ 0279a
97.08.01 17:15 B D:\aamymatlab\mmp\wbo\0285a <-- europa /europaHD/aamymatlab/mmp/wbo/ 0285a
97.08.10 05:31 A D:\mymatlab\mmp\wbo\0262a <-- europa /europaHD/mymatlab/mmp/wbo/ 0262a
97.08.10 05:31 A D:\mymatlab\mmp\wbo\0266a <-- europa /europaHD/mymatlab/mmp/wbo/ 0266a
97.08.10 05:31 A D:\mymatlab\mmp\wbo\0279a <-- europa /europaHD/mymatlab/mmp/wbo/ 0279a
97.08.10 05:31 A D:\mymatlab\mmp\wbo\0285a <-- europa /europaHD/mymatlab/mmp/wbo/ 0285a
97.08.10 05:31 A D:\mymatlab\mmp\wbo\0293a <-- europa /europaHD/mymatlab/mmp/wbo/ 0293a
97.08.10 05:31 A D:\mymatlab\mmp\wbo\1ptshift.eps <-- europa /europaHD/mymatlab/mmp/wbo/ 1ptshift.eps
97.08.10 05:31 A D:\mymatlab\mmp\wbo\2ptshift.eps <-- europa /europaHD/mymatlab/mmp/wbo/ 2ptshift.eps
97.08.10 05:31 A D:\mymatlab\mmp\wbo\noshift242.eps <-- europa /europaHD/mymatlab/mmp/wbo/ noshift242.eps
97.08.10 05:31 A D:\mymatlab\mmp\wbo\plot_cond_shifts.m <-- europa /europaHD/mymatlab/mmp/wbo/ plot_cond_shifts.m
97.08.10 05:31 A D:\mymatlab\mmp\wbo\Stest.m <-- europa /europaHD/mymatlab/mmp/wbo/ Stest.m
97.08.10 05:31 A D:\mymatlab\mmp\wbo\tcellTEST.m <-- europa /europaHD/mymatlab/mmp/wbo/ tcellTEST.m
97.08.10 05:34 A D:\mymatlab\mmp\wbo\0262a <-- europa /europaHD/mymatlab/mmp/wbo/ 0262a
97.08.10 05:34 A D:\mymatlab\mmp\wbo\0266a <-- europa /europaHD/mymatlab/mmp/wbo/ 0266a
97.08.10 05:34 A D:\mymatlab\mmp\wbo\0279a <-- europa /europaHD/mymatlab/mmp/wbo/ 0279a
97.08.10 05:34 A D:\mymatlab\mmp\wbo\0285a <-- europa /europaHD/mymatlab/mmp/wbo/ 0285a
97.08.10 05:34 A D:\mymatlab\mmp\wbo\0293a <-- europa /europaHD/mymatlab/mmp/wbo/ 0293a
97.08.10 05:34 A D:\mymatlab\mmp\wbo\1ptshift.eps <-- europa /europaHD/mymatlab/mmp/wbo/ 1ptshift.eps
97.08.10 05:34 A D:\mymatlab\mmp\wbo\2ptshift.eps <-- europa /europaHD/mymatlab/mmp/wbo/ 2ptshift.eps
97.08.10 05:34 A D:\mymatlab\mmp\wbo\noshift242.eps <-- europa /europaHD/mymatlab/mmp/wbo/ noshift242.eps
97.08.10 05:34 A D:\mymatlab\mmp\wbo\plot_cond_shifts.m <-- europa /europaHD/mymatlab/mmp/wbo/ plot_cond_shifts.m
97.08.10 05:34 A D:\mymatlab\mmp\wbo\Stest.m <-- europa /europaHD/mymatlab/mmp/wbo/ Stest.m
97.08.10 05:34 A D:\mymatlab\mmp\wbo\tcellTEST.m <-- europa /europaHD/mymatlab/mmp/wbo/ tcellTEST.m
