97.08.01 17:14 B D:\aamymatlab\mmp\utilities\cd_batchprocess.m <-- europa /europaHD/aamymatlab/mmp/utilities/ cd_batchprocess.m
97.08.01 17:14 B D:\aamymatlab\mmp\utilities\cd_database.m <-- europa /europaHD/aamymatlab/mmp/utilities/ cd_database.m
97.08.01 17:14 B D:\aamymatlab\mmp\utilities\cd_procdata.m <-- europa /europaHD/aamymatlab/mmp/utilities/ cd_procdata.m
97.08.01 17:14 B D:\aamymatlab\mmp\utilities\cruise_droplist_mmp.m <-- europa /europaHD/aamymatlab/mmp/utilities/ cruise_droplist_mmp.m
97.08.01 17:15 B D:\aamymatlab\mmp\utilities\figure1.eps <-- europa /europaHD/aamymatlab/mmp/utilities/ figure1.eps
97.08.01 17:15 B D:\aamymatlab\mmp\utilities\get_mmplog.m <-- europa /europaHD/aamymatlab/mmp/utilities/ get_mmplog.m
97.08.01 17:15 B D:\aamymatlab\mmp\utilities\prd.mat <-- europa /europaHD/aamymatlab/mmp/utilities/ prd.mat
97.08.01 17:15 B D:\aamymatlab\mmp\utilities\scanavg1_mmp.m <-- europa /europaHD/aamymatlab/mmp/utilities/ scanavg1_mmp.m
97.08.10 05:30 A D:\mymatlab\mmp\utilities\cd_batchprocess.m <-- europa /europaHD/mymatlab/mmp/utilities/ cd_batchprocess.m
97.08.10 05:30 A D:\mymatlab\mmp\utilities\cd_database.m <-- europa /europaHD/mymatlab/mmp/utilities/ cd_database.m
97.08.10 05:30 A D:\mymatlab\mmp\utilities\cd_procdata.m <-- europa /europaHD/mymatlab/mmp/utilities/ cd_procdata.m
97.08.10 05:30 A D:\mymatlab\mmp\utilities\cruise_droplist_mmp.m <-- europa /europaHD/mymatlab/mmp/utilities/ cruise_droplist_mmp.m
97.08.10 05:30 A D:\mymatlab\mmp\utilities\figure1.eps <-- europa /europaHD/mymatlab/mmp/utilities/ figure1.eps
97.08.10 05:30 A D:\mymatlab\mmp\utilities\get_mmplog.m <-- europa /europaHD/mymatlab/mmp/utilities/ get_mmplog.m
97.08.10 05:30 A D:\mymatlab\mmp\utilities\prd.mat <-- europa /europaHD/mymatlab/mmp/utilities/ prd.mat
97.08.10 05:30 A D:\mymatlab\mmp\utilities\scanavg1_mmp.m <-- europa /europaHD/mymatlab/mmp/utilities/ scanavg1_mmp.m
97.08.10 05:31 A D:\mymatlab\mmp\utilities\cd_batchprocess.m <-- europa /europaHD/mymatlab/mmp/utilities/ cd_batchprocess.m
97.08.10 05:31 A D:\mymatlab\mmp\utilities\cd_database.m <-- europa /europaHD/mymatlab/mmp/utilities/ cd_database.m
97.08.10 05:31 A D:\mymatlab\mmp\utilities\cd_procdata.m <-- europa /europaHD/mymatlab/mmp/utilities/ cd_procdata.m
97.08.10 05:31 A D:\mymatlab\mmp\utilities\cruise_droplist_mmp.m <-- europa /europaHD/mymatlab/mmp/utilities/ cruise_droplist_mmp.m
97.08.10 05:31 A D:\mymatlab\mmp\utilities\figure1.eps <-- europa /europaHD/mymatlab/mmp/utilities/ figure1.eps
97.08.10 05:31 A D:\mymatlab\mmp\utilities\get_mmplog.m <-- europa /europaHD/mymatlab/mmp/utilities/ get_mmplog.m
97.08.10 05:31 A D:\mymatlab\mmp\utilities\prd.mat <-- europa /europaHD/mymatlab/mmp/utilities/ prd.mat
97.08.10 05:31 A D:\mymatlab\mmp\utilities\scanavg1_mmp.m <-- europa /europaHD/mymatlab/mmp/utilities/ scanavg1_mmp.m
