97.08.16 23:18 A D:\mymatlab\toolbox\generalplotting\stextfun2.1\addlatin <-- europa /europaHD/mymatlab/toolbox/generalplotting/stextfun2.1/ addlatin
97.08.16 23:18 A D:\mymatlab\toolbox\generalplotting\stextfun2.1\cmdmatch.m <-- europa /europaHD/mymatlab/toolbox/generalplotting/stextfun2.1/ cmdmatch.m
97.08.16 23:18 A D:\mymatlab\toolbox\generalplotting\stextfun2.1\concept.ps <-- europa /europaHD/mymatlab/toolbox/generalplotting/stextfun2.1/ concept.ps
97.08.16 23:18 A D:\mymatlab\toolbox\generalplotting\stextfun2.1\Contents.m <-- europa /europaHD/mymatlab/toolbox/generalplotting/stextfun2.1/ Contents.m
97.08.16 23:18 A D:\mymatlab\toolbox\generalplotting\stextfun2.1\delstext.m <-- europa /europaHD/mymatlab/toolbox/generalplotting/stextfun2.1/ delstext.m
97.08.16 23:18 A D:\mymatlab\toolbox\generalplotting\stextfun2.1\drawcircle.m <-- europa /europaHD/mymatlab/toolbox/generalplotting/stextfun2.1/ drawcircle.m
97.08.16 23:18 A D:\mymatlab\toolbox\generalplotting\stextfun2.1\drawcurve.m <-- europa /europaHD/mymatlab/toolbox/generalplotting/stextfun2.1/ drawcurve.m
97.08.16 23:18 A D:\mymatlab\toolbox\generalplotting\stextfun2.1\drawline.m <-- europa /europaHD/mymatlab/toolbox/generalplotting/stextfun2.1/ drawline.m
97.08.16 23:18 A D:\mymatlab\toolbox\generalplotting\stextfun2.1\fixstext.m <-- europa /europaHD/mymatlab/toolbox/generalplotting/stextfun2.1/ fixstext.m
97.08.16 23:18 A D:\mymatlab\toolbox\generalplotting\stextfun2.1\getcargs.m <-- europa /europaHD/mymatlab/toolbox/generalplotting/stextfun2.1/ getcargs.m
97.08.16 23:18 A D:\mymatlab\toolbox\generalplotting\stextfun2.1\getstext.m <-- europa /europaHD/mymatlab/toolbox/generalplotting/stextfun2.1/ getstext.m
97.08.16 23:18 A D:\mymatlab\toolbox\generalplotting\stextfun2.1\move1sto.m <-- europa /europaHD/mymatlab/toolbox/generalplotting/stextfun2.1/ move1sto.m
97.08.16 23:18 A D:\mymatlab\toolbox\generalplotting\stextfun2.1\mydraw.m <-- europa /europaHD/mymatlab/toolbox/generalplotting/stextfun2.1/ mydraw.m
97.08.16 23:18 A D:\mymatlab\toolbox\generalplotting\stextfun2.1\printsto.m <-- europa /europaHD/mymatlab/toolbox/generalplotting/stextfun2.1/ printsto.m
97.08.16 23:18 A D:\mymatlab\toolbox\generalplotting\stextfun2.1\README <-- europa /europaHD/mymatlab/toolbox/generalplotting/stextfun2.1/ README
97.08.16 23:18 A D:\mymatlab\toolbox\generalplotting\stextfun2.1\setstext.m <-- europa /europaHD/mymatlab/toolbox/generalplotting/stextfun2.1/ setstext.m
97.08.16 23:18 A D:\mymatlab\toolbox\generalplotting\stextfun2.1\sgtext.m <-- europa /europaHD/mymatlab/toolbox/generalplotting/stextfun2.1/ sgtext.m
97.08.16 23:18 A D:\mymatlab\toolbox\generalplotting\stextfun2.1\smoothing.m <-- europa /europaHD/mymatlab/toolbox/generalplotting/stextfun2.1/ smoothing.m
97.08.16 23:19 A D:\mymatlab\toolbox\generalplotting\stextfun2.1\stext.m <-- europa /europaHD/mymatlab/toolbox/generalplotting/stextfun2.1/ stext.m
97.08.16 23:19 A D:\mymatlab\toolbox\generalplotting\stextfun2.1\stextmac.m <-- europa /europaHD/mymatlab/toolbox/generalplotting/stextfun2.1/ stextmac.m
97.08.16 23:19 A D:\mymatlab\toolbox\generalplotting\stextfun2.1\stfmlat1.mat <-- europa /europaHD/mymatlab/toolbox/generalplotting/stextfun2.1/ stfmlat1.mat
97.08.16 23:19 A D:\mymatlab\toolbox\generalplotting\stextfun2.1\stfmmac.mat <-- europa /europaHD/mymatlab/toolbox/generalplotting/stextfun2.1/ stfmmac.mat
97.08.16 23:19 A D:\mymatlab\toolbox\generalplotting\stextfun2.1\stitle.m <-- europa /europaHD/mymatlab/toolbox/generalplotting/stextfun2.1/ stitle.m
97.08.16 23:19 A D:\mymatlab\toolbox\generalplotting\stextfun2.1\stodemo.m <-- europa /europaHD/mymatlab/toolbox/generalplotting/stextfun2.1/ stodemo.m
97.08.16 23:19 A D:\mymatlab\toolbox\generalplotting\stextfun2.1\strmatch.m <-- europa /europaHD/mymatlab/toolbox/generalplotting/stextfun2.1/ strmatch.m
97.08.16 23:19 A D:\mymatlab\toolbox\generalplotting\stextfun2.1\sxlabel.m <-- europa /europaHD/mymatlab/toolbox/generalplotting/stextfun2.1/ sxlabel.m
97.08.16 23:19 A D:\mymatlab\toolbox\generalplotting\stextfun2.1\sylabel.m <-- europa /europaHD/mymatlab/toolbox/generalplotting/stextfun2.1/ sylabel.m
97.08.16 23:19 A D:\mymatlab\toolbox\generalplotting\stextfun2.1\szlabel.m <-- europa /europaHD/mymatlab/toolbox/generalplotting/stextfun2.1/ szlabel.m
97.08.16 23:50 B D:\mymatlab\toolbox\generalplotting\stextfun2.1\stfmlat1.mat <-- europa /europaHD/mymatlab/toolbox/generalplotting/stextfun2.1/ stfmlat1.mat
97.08.16 23:50 B D:\mymatlab\toolbox\generalplotting\stextfun2.1\stfmmac.mat <-- europa /europaHD/mymatlab/toolbox/generalplotting/stextfun2.1/ stfmmac.mat
97.10.22 11:17 B D:\mymatlab\toolbox\generalplotting\stextfun2.1\addlatin --> deniz.ims.metu.edu.tr /disk3/users/gregg/toolbox/generalplotting/stextfun2.1 addlatin
97.10.22 11:17 A D:\mymatlab\toolbox\generalplotting\stextfun2.1\cmdmatch.m --> deniz.ims.metu.edu.tr /disk3/users/gregg/toolbox/generalplotting/stextfun2.1 cmdmatch.m
97.10.22 11:17 A D:\mymatlab\toolbox\generalplotting\stextfun2.1\concept.ps --> deniz.ims.metu.edu.tr /disk3/users/gregg/toolbox/generalplotting/stextfun2.1 concept.ps
97.10.22 11:17 A D:\mymatlab\toolbox\generalplotting\stextfun2.1\Contents.m --> deniz.ims.metu.edu.tr /disk3/users/gregg/toolbox/generalplotting/stextfun2.1 Contents.m
97.10.22 11:17 A D:\mymatlab\toolbox\generalplotting\stextfun2.1\delstext.m --> deniz.ims.metu.edu.tr /disk3/users/gregg/toolbox/generalplotting/stextfun2.1 delstext.m
97.10.22 11:17 A D:\mymatlab\toolbox\generalplotting\stextfun2.1\drawcircle.m --> deniz.ims.metu.edu.tr /disk3/users/gregg/toolbox/generalplotting/stextfun2.1 drawcircle.m
97.10.22 11:17 A D:\mymatlab\toolbox\generalplotting\stextfun2.1\drawcurve.m --> deniz.ims.metu.edu.tr /disk3/users/gregg/toolbox/generalplotting/stextfun2.1 drawcurve.m
97.10.22 11:18 A D:\mymatlab\toolbox\generalplotting\stextfun2.1\drawline.m --> deniz.ims.metu.edu.tr /disk3/users/gregg/toolbox/generalplotting/stextfun2.1 drawline.m
97.10.22 11:18 A D:\mymatlab\toolbox\generalplotting\stextfun2.1\fixstext.m --> deniz.ims.metu.edu.tr /disk3/users/gregg/toolbox/generalplotting/stextfun2.1 fixstext.m
97.10.22 11:18 A D:\mymatlab\toolbox\generalplotting\stextfun2.1\getcargs.m --> deniz.ims.metu.edu.tr /disk3/users/gregg/toolbox/generalplotting/stextfun2.1 getcargs.m
97.10.22 11:18 A D:\mymatlab\toolbox\generalplotting\stextfun2.1\getstext.m --> deniz.ims.metu.edu.tr /disk3/users/gregg/toolbox/generalplotting/stextfun2.1 getstext.m
97.10.22 11:18 A D:\mymatlab\toolbox\generalplotting\stextfun2.1\move1sto.m --> deniz.ims.metu.edu.tr /disk3/users/gregg/toolbox/generalplotting/stextfun2.1 move1sto.m
97.10.22 11:18 A D:\mymatlab\toolbox\generalplotting\stextfun2.1\mydraw.m --> deniz.ims.metu.edu.tr /disk3/users/gregg/toolbox/generalplotting/stextfun2.1 mydraw.m
97.10.22 11:18 A D:\mymatlab\toolbox\generalplotting\stextfun2.1\printsto.m --> deniz.ims.metu.edu.tr /disk3/users/gregg/toolbox/generalplotting/stextfun2.1 printsto.m
97.10.22 11:18 B D:\mymatlab\toolbox\generalplotting\stextfun2.1\README --> deniz.ims.metu.edu.tr /disk3/users/gregg/toolbox/generalplotting/stextfun2.1 README
97.10.22 11:18 A D:\mymatlab\toolbox\generalplotting\stextfun2.1\setstext.m --> deniz.ims.metu.edu.tr /disk3/users/gregg/toolbox/generalplotting/stextfun2.1 setstext.m
97.10.22 11:18 A D:\mymatlab\toolbox\generalplotting\stextfun2.1\sgtext.m --> deniz.ims.metu.edu.tr /disk3/users/gregg/toolbox/generalplotting/stextfun2.1 sgtext.m
97.10.22 11:18 A D:\mymatlab\toolbox\generalplotting\stextfun2.1\smoothing.m --> deniz.ims.metu.edu.tr /disk3/users/gregg/toolbox/generalplotting/stextfun2.1 smoothing.m
97.10.22 11:18 A D:\mymatlab\toolbox\generalplotting\stextfun2.1\stext.m --> deniz.ims.metu.edu.tr /disk3/users/gregg/toolbox/generalplotting/stextfun2.1 stext.m
97.10.22 11:18 A D:\mymatlab\toolbox\generalplotting\stextfun2.1\stextmac.m --> deniz.ims.metu.edu.tr /disk3/users/gregg/toolbox/generalplotting/stextfun2.1 stextmac.m
97.10.22 11:18 B D:\mymatlab\toolbox\generalplotting\stextfun2.1\stfmlat1.mat --> deniz.ims.metu.edu.tr /disk3/users/gregg/toolbox/generalplotting/stextfun2.1 stfmlat1.mat
97.10.22 11:18 B D:\mymatlab\toolbox\generalplotting\stextfun2.1\stfmmac.mat --> deniz.ims.metu.edu.tr /disk3/users/gregg/toolbox/generalplotting/stextfun2.1 stfmmac.mat
97.10.22 11:18 A D:\mymatlab\toolbox\generalplotting\stextfun2.1\stitle.m --> deniz.ims.metu.edu.tr /disk3/users/gregg/toolbox/generalplotting/stextfun2.1 stitle.m
97.10.22 11:18 A D:\mymatlab\toolbox\generalplotting\stextfun2.1\stodemo.m --> deniz.ims.metu.edu.tr /disk3/users/gregg/toolbox/generalplotting/stextfun2.1 stodemo.m
97.10.22 11:18 A D:\mymatlab\toolbox\generalplotting\stextfun2.1\strmatch.m --> deniz.ims.metu.edu.tr /disk3/users/gregg/toolbox/generalplotting/stextfun2.1 strmatch.m
97.10.22 11:18 A D:\mymatlab\toolbox\generalplotting\stextfun2.1\sxlabel.m --> deniz.ims.metu.edu.tr /disk3/users/gregg/toolbox/generalplotting/stextfun2.1 sxlabel.m
97.10.22 11:18 A D:\mymatlab\toolbox\generalplotting\stextfun2.1\sylabel.m --> deniz.ims.metu.edu.tr /disk3/users/gregg/toolbox/generalplotting/stextfun2.1 sylabel.m
97.10.22 11:18 A D:\mymatlab\toolbox\generalplotting\stextfun2.1\szlabel.m --> deniz.ims.metu.edu.tr /disk3/users/gregg/toolbox/generalplotting/stextfun2.1 szlabel.m
97.10.22 11:18 B D:\mymatlab\toolbox\generalplotting\stextfun2.1\WS_FTP.LOG --> deniz.ims.metu.edu.tr /disk3/users/gregg/toolbox/generalplotting/stextfun2.1 WS_FTP.LOG
