97.08.01 16:35 B D:\aamymatlab\mmp\calibration\coh_sbe_mmp.m <-- europa /europaHD/aamymatlab/mmp/calibration/ coh_sbe_mmp.m
97.08.01 16:35 B D:\aamymatlab\mmp\calibration\csbe_cal_mmp%.m <-- europa /europaHD/aamymatlab/mmp/calibration/ csbe_cal_mmp%.m
97.08.01 16:35 B D:\aamymatlab\mmp\calibration\csbe_cal_mmp.m <-- europa /europaHD/aamymatlab/mmp/calibration/ csbe_cal_mmp.m
97.08.01 16:35 B D:\aamymatlab\mmp\calibration\csbe_freq1_mmp.m <-- europa /europaHD/aamymatlab/mmp/calibration/ csbe_freq1_mmp.m
97.08.01 16:35 B D:\aamymatlab\mmp\calibration\get_pr_offsets.m <-- europa /europaHD/aamymatlab/mmp/calibration/ get_pr_offsets.m
97.08.01 16:35 B D:\aamymatlab\mmp\calibration\lowpass_sbe_mmp.m <-- europa /europaHD/aamymatlab/mmp/calibration/ lowpass_sbe_mmp.m
97.08.01 16:35 B D:\aamymatlab\mmp\calibration\parse_id_mmp.m <-- europa /europaHD/aamymatlab/mmp/calibration/ parse_id_mmp.m
97.08.01 16:35 B D:\aamymatlab\mmp\calibration\pr_cal_mmp.m <-- europa /europaHD/aamymatlab/mmp/calibration/ pr_cal_mmp.m
97.08.01 16:35 B D:\aamymatlab\mmp\calibration\prt1_mmp.m <-- europa /europaHD/aamymatlab/mmp/calibration/ prt1_mmp.m
97.08.10 05:21 A D:\mymatlab\mmp\calibration\coh_sbe_mmp.m <-- europa /europaHD/mymatlab/mmp/calibration/ coh_sbe_mmp.m
97.08.10 05:21 A D:\mymatlab\mmp\calibration\csbe_cal_mmp%.m <-- europa /europaHD/mymatlab/mmp/calibration/ csbe_cal_mmp%.m
97.08.10 05:21 A D:\mymatlab\mmp\calibration\csbe_cal_mmp.m <-- europa /europaHD/mymatlab/mmp/calibration/ csbe_cal_mmp.m
97.08.10 05:21 A D:\mymatlab\mmp\calibration\csbe_freq1_mmp.m <-- europa /europaHD/mymatlab/mmp/calibration/ csbe_freq1_mmp.m
97.08.10 05:21 A D:\mymatlab\mmp\calibration\get_pr_offsets.m <-- europa /europaHD/mymatlab/mmp/calibration/ get_pr_offsets.m
97.08.10 05:21 A D:\mymatlab\mmp\calibration\lowpass_sbe_mmp.m <-- europa /europaHD/mymatlab/mmp/calibration/ lowpass_sbe_mmp.m
97.08.10 05:21 A D:\mymatlab\mmp\calibration\parse_id_mmp.m <-- europa /europaHD/mymatlab/mmp/calibration/ parse_id_mmp.m
97.08.10 05:21 A D:\mymatlab\mmp\calibration\pr_cal_mmp.m <-- europa /europaHD/mymatlab/mmp/calibration/ pr_cal_mmp.m
97.08.10 05:21 A D:\mymatlab\mmp\calibration\pr_lowpass1_mmp.m <-- europa /europaHD/mymatlab/mmp/calibration/ pr_lowpass1_mmp.m
97.08.10 05:21 A D:\mymatlab\mmp\calibration\pr_offset1_mmp.m <-- europa /europaHD/mymatlab/mmp/calibration/ pr_offset1_mmp.m
97.08.10 05:21 A D:\mymatlab\mmp\calibration\pr_offset_mmp.m <-- europa /europaHD/mymatlab/mmp/calibration/ pr_offset_mmp.m
97.08.10 05:21 A D:\mymatlab\mmp\calibration\prt1_mmp.m <-- europa /europaHD/mymatlab/mmp/calibration/ prt1_mmp.m
97.08.10 05:21 A D:\mymatlab\mmp\calibration\th1_voltspec_mmp.m <-- europa /europaHD/mymatlab/mmp/calibration/ th1_voltspec_mmp.m
97.08.10 05:21 A D:\mymatlab\mmp\calibration\th_voltsspec.m <-- europa /europaHD/mymatlab/mmp/calibration/ th_voltsspec.m
97.08.10 05:21 A D:\mymatlab\mmp\calibration\tsbe1412_020494.mat <-- europa /europaHD/mymatlab/mmp/calibration/ tsbe1412_020494.mat
97.08.10 05:21 A D:\mymatlab\mmp\calibration\tsbe_cal_mmp.m <-- europa /europaHD/mymatlab/mmp/calibration/ tsbe_cal_mmp.m
97.08.10 05:21 A D:\mymatlab\mmp\calibration\tsbe_mmp.m <-- europa /europaHD/mymatlab/mmp/calibration/ tsbe_mmp.m
