97.08.16 23:16 A D:\mymatlab\toolbox\generalplotting\stextfun\addlatin <-- europa /europaHD/mymatlab/toolbox/generalplotting/stextfun/ addlatin
97.08.16 23:16 A D:\mymatlab\toolbox\generalplotting\stextfun\changes.txt <-- europa /europaHD/mymatlab/toolbox/generalplotting/stextfun/ changes.txt
97.08.16 23:16 A D:\mymatlab\toolbox\generalplotting\stextfun\cmdmatch.m <-- europa /europaHD/mymatlab/toolbox/generalplotting/stextfun/ cmdmatch.m
97.08.16 23:16 A D:\mymatlab\toolbox\generalplotting\stextfun\Contents.m <-- europa /europaHD/mymatlab/toolbox/generalplotting/stextfun/ Contents.m
97.08.16 23:16 A D:\mymatlab\toolbox\generalplotting\stextfun\delstext.m <-- europa /europaHD/mymatlab/toolbox/generalplotting/stextfun/ delstext.m
97.08.16 23:16 A D:\mymatlab\toolbox\generalplotting\stextfun\fixstext.m <-- europa /europaHD/mymatlab/toolbox/generalplotting/stextfun/ fixstext.m
97.08.16 23:16 A D:\mymatlab\toolbox\generalplotting\stextfun\getcargs.m <-- europa /europaHD/mymatlab/toolbox/generalplotting/stextfun/ getcargs.m
97.08.16 23:16 A D:\mymatlab\toolbox\generalplotting\stextfun\getstext.m <-- europa /europaHD/mymatlab/toolbox/generalplotting/stextfun/ getstext.m
97.08.16 23:16 A D:\mymatlab\toolbox\generalplotting\stextfun\move1sto.m <-- europa /europaHD/mymatlab/toolbox/generalplotting/stextfun/ move1sto.m
97.08.16 23:16 A D:\mymatlab\toolbox\generalplotting\stextfun\printsto.m <-- europa /europaHD/mymatlab/toolbox/generalplotting/stextfun/ printsto.m
97.08.16 23:16 A D:\mymatlab\toolbox\generalplotting\stextfun\README.txt <-- europa /europaHD/mymatlab/toolbox/generalplotting/stextfun/ README.txt
97.08.16 23:17 A D:\mymatlab\toolbox\generalplotting\stextfun\readstfm.m <-- europa /europaHD/mymatlab/toolbox/generalplotting/stextfun/ readstfm.m
97.08.16 23:17 A D:\mymatlab\toolbox\generalplotting\stextfun\setstext.m <-- europa /europaHD/mymatlab/toolbox/generalplotting/stextfun/ setstext.m
97.08.16 23:17 A D:\mymatlab\toolbox\generalplotting\stextfun\slegend.m <-- europa /europaHD/mymatlab/toolbox/generalplotting/stextfun/ slegend.m
97.08.16 23:17 A D:\mymatlab\toolbox\generalplotting\stextfun\spreview.m <-- europa /europaHD/mymatlab/toolbox/generalplotting/stextfun/ spreview.m
97.08.16 23:17 A D:\mymatlab\toolbox\generalplotting\stextfun\stext.m <-- europa /europaHD/mymatlab/toolbox/generalplotting/stextfun/ stext.m
97.08.16 23:17 A D:\mymatlab\toolbox\generalplotting\stextfun\stextbox.m <-- europa /europaHD/mymatlab/toolbox/generalplotting/stextfun/ stextbox.m
97.08.16 23:17 A D:\mymatlab\toolbox\generalplotting\stextfun\stfixps.m <-- europa /europaHD/mymatlab/toolbox/generalplotting/stextfun/ stfixps.m
97.08.16 23:17 A D:\mymatlab\toolbox\generalplotting\stextfun\stfm.mat <-- europa /europaHD/mymatlab/toolbox/generalplotting/stextfun/ stfm.mat
97.08.16 23:17 A D:\mymatlab\toolbox\generalplotting\stextfun\stfm.txt <-- europa /europaHD/mymatlab/toolbox/generalplotting/stextfun/ stfm.txt
97.08.16 23:17 A D:\mymatlab\toolbox\generalplotting\stextfun\stitle.m <-- europa /europaHD/mymatlab/toolbox/generalplotting/stextfun/ stitle.m
97.08.16 23:17 A D:\mymatlab\toolbox\generalplotting\stextfun\stodemo.m <-- europa /europaHD/mymatlab/toolbox/generalplotting/stextfun/ stodemo.m
97.08.16 23:17 A D:\mymatlab\toolbox\generalplotting\stextfun\sxlabel.m <-- europa /europaHD/mymatlab/toolbox/generalplotting/stextfun/ sxlabel.m
97.08.16 23:17 A D:\mymatlab\toolbox\generalplotting\stextfun\sylabel.m <-- europa /europaHD/mymatlab/toolbox/generalplotting/stextfun/ sylabel.m
97.08.16 23:17 A D:\mymatlab\toolbox\generalplotting\stextfun\szlabel.m <-- europa /europaHD/mymatlab/toolbox/generalplotting/stextfun/ szlabel.m
97.08.16 23:52 B D:\mymatlab\toolbox\generalplotting\stextfun\stfm.mat <-- europa /europaHD/mymatlab/toolbox/generalplotting/stextfun/ stfm.mat
97.10.22 11:17 B D:\mymatlab\toolbox\generalplotting\stextfun\addlatin --> deniz.ims.metu.edu.tr /disk3/users/gregg/toolbox/generalplotting/stextfun addlatin
97.10.22 11:17 A D:\mymatlab\toolbox\generalplotting\stextfun\changes.txt --> deniz.ims.metu.edu.tr /disk3/users/gregg/toolbox/generalplotting/stextfun changes.txt
97.10.22 11:17 A D:\mymatlab\toolbox\generalplotting\stextfun\cmdmatch.m --> deniz.ims.metu.edu.tr /disk3/users/gregg/toolbox/generalplotting/stextfun cmdmatch.m
97.10.22 11:17 A D:\mymatlab\toolbox\generalplotting\stextfun\Contents.m --> deniz.ims.metu.edu.tr /disk3/users/gregg/toolbox/generalplotting/stextfun Contents.m
97.10.22 11:17 A D:\mymatlab\toolbox\generalplotting\stextfun\delstext.m --> deniz.ims.metu.edu.tr /disk3/users/gregg/toolbox/generalplotting/stextfun delstext.m
97.10.22 11:17 A D:\mymatlab\toolbox\generalplotting\stextfun\fixstext.m --> deniz.ims.metu.edu.tr /disk3/users/gregg/toolbox/generalplotting/stextfun fixstext.m
97.10.22 11:17 A D:\mymatlab\toolbox\generalplotting\stextfun\getcargs.m --> deniz.ims.metu.edu.tr /disk3/users/gregg/toolbox/generalplotting/stextfun getcargs.m
97.10.22 11:17 A D:\mymatlab\toolbox\generalplotting\stextfun\getstext.m --> deniz.ims.metu.edu.tr /disk3/users/gregg/toolbox/generalplotting/stextfun getstext.m
97.10.22 11:17 A D:\mymatlab\toolbox\generalplotting\stextfun\move1sto.m --> deniz.ims.metu.edu.tr /disk3/users/gregg/toolbox/generalplotting/stextfun move1sto.m
97.10.22 11:17 A D:\mymatlab\toolbox\generalplotting\stextfun\printsto.m --> deniz.ims.metu.edu.tr /disk3/users/gregg/toolbox/generalplotting/stextfun printsto.m
97.10.22 11:17 A D:\mymatlab\toolbox\generalplotting\stextfun\README.txt --> deniz.ims.metu.edu.tr /disk3/users/gregg/toolbox/generalplotting/stextfun README.txt
97.10.22 11:17 A D:\mymatlab\toolbox\generalplotting\stextfun\readstfm.m --> deniz.ims.metu.edu.tr /disk3/users/gregg/toolbox/generalplotting/stextfun readstfm.m
97.10.22 11:17 A D:\mymatlab\toolbox\generalplotting\stextfun\setstext.m --> deniz.ims.metu.edu.tr /disk3/users/gregg/toolbox/generalplotting/stextfun setstext.m
97.10.22 11:17 A D:\mymatlab\toolbox\generalplotting\stextfun\slegend.m --> deniz.ims.metu.edu.tr /disk3/users/gregg/toolbox/generalplotting/stextfun slegend.m
97.10.22 11:17 A D:\mymatlab\toolbox\generalplotting\stextfun\spreview.m --> deniz.ims.metu.edu.tr /disk3/users/gregg/toolbox/generalplotting/stextfun spreview.m
97.10.22 11:17 A D:\mymatlab\toolbox\generalplotting\stextfun\stext.m --> deniz.ims.metu.edu.tr /disk3/users/gregg/toolbox/generalplotting/stextfun stext.m
97.10.22 11:17 A D:\mymatlab\toolbox\generalplotting\stextfun\stextbox.m --> deniz.ims.metu.edu.tr /disk3/users/gregg/toolbox/generalplotting/stextfun stextbox.m
97.10.22 11:17 A D:\mymatlab\toolbox\generalplotting\stextfun\stfixps.m --> deniz.ims.metu.edu.tr /disk3/users/gregg/toolbox/generalplotting/stextfun stfixps.m
97.10.22 11:17 B D:\mymatlab\toolbox\generalplotting\stextfun\stfm.mat --> deniz.ims.metu.edu.tr /disk3/users/gregg/toolbox/generalplotting/stextfun stfm.mat
97.10.22 11:17 A D:\mymatlab\toolbox\generalplotting\stextfun\stfm.txt --> deniz.ims.metu.edu.tr /disk3/users/gregg/toolbox/generalplotting/stextfun stfm.txt
97.10.22 11:17 A D:\mymatlab\toolbox\generalplotting\stextfun\stitle.m --> deniz.ims.metu.edu.tr /disk3/users/gregg/toolbox/generalplotting/stextfun stitle.m
97.10.22 11:17 A D:\mymatlab\toolbox\generalplotting\stextfun\stodemo.m --> deniz.ims.metu.edu.tr /disk3/users/gregg/toolbox/generalplotting/stextfun stodemo.m
97.10.22 11:17 A D:\mymatlab\toolbox\generalplotting\stextfun\sxlabel.m --> deniz.ims.metu.edu.tr /disk3/users/gregg/toolbox/generalplotting/stextfun sxlabel.m
97.10.22 11:17 A D:\mymatlab\toolbox\generalplotting\stextfun\sylabel.m --> deniz.ims.metu.edu.tr /disk3/users/gregg/toolbox/generalplotting/stextfun sylabel.m
97.10.22 11:17 A D:\mymatlab\toolbox\generalplotting\stextfun\szlabel.m --> deniz.ims.metu.edu.tr /disk3/users/gregg/toolbox/generalplotting/stextfun szlabel.m
97.10.22 11:17 B D:\mymatlab\toolbox\generalplotting\stextfun\WS_FTP.LOG --> deniz.ims.metu.edu.tr /disk3/users/gregg/toolbox/generalplotting/stextfun WS_FTP.LOG
