97.10.18 09:18 A D:\mymatlab\toolbox\utilities\panchev\panchev.m <-- nereid /home/gregg/FROM_5300 panchev.m
97.10.18 09:19 B D:\mymatlab\toolbox\utilities\panchev\panchev.mat <-- nereid /home/gregg/FROM_5300 panchev.mat
97.10.18 09:19 A D:\mymatlab\toolbox\utilities\panchev\panchev1.m <-- nereid /home/gregg/FROM_5300 panchev1.m
97.10.18 09:19 A D:\mymatlab\toolbox\utilities\panchev\panchev2.m <-- nereid /home/gregg/FROM_5300 panchev2.m
97.10.18 09:19 A D:\mymatlab\toolbox\utilities\panchev\panchev_fit.m <-- nereid /home/gregg/FROM_5300 panchev_fit.m
97.10.18 09:19 A D:\mymatlab\toolbox\utilities\panchev\panchev_fit2.m <-- nereid /home/gregg/FROM_5300 panchev_fit2.m
97.10.18 09:19 A D:\mymatlab\toolbox\utilities\panchev\panchev_fit3.m <-- nereid /home/gregg/FROM_5300 panchev_fit3.m
97.10.18 09:19 A D:\mymatlab\toolbox\utilities\panchev\panchev_logspace.m <-- nereid /home/gregg/FROM_5300 panchev_logspace.m
97.10.18 09:19 B D:\mymatlab\toolbox\utilities\panchev\panchev_shear10_fit.mat <-- nereid /home/gregg/FROM_5300 panchev_shear10_fit.mat
97.10.18 09:20 B D:\mymatlab\toolbox\utilities\panchev\Panchevk.mat <-- nereid /home/gregg/FROM_5300 Panchevk.mat
97.10.18 09:21 A D:\mymatlab\toolbox\utilities\panchev\panchevT.m <-- nereid /home/gregg/FROM_5300 panchevT.m
97.10.18 09:21 A D:\mymatlab\toolbox\utilities\panchev\plot_panchev.m <-- nereid /home/gregg/FROM_5300 plot_panchev.m
97.10.22 11:19 A D:\mymatlab\toolbox\utilities\panchev\panchev.m --> deniz.ims.metu.edu.tr /disk3/users/gregg/toolbox/utilities/panchev panchev.m
97.10.22 11:19 B D:\mymatlab\toolbox\utilities\panchev\panchev.mat --> deniz.ims.metu.edu.tr /disk3/users/gregg/toolbox/utilities/panchev panchev.mat
97.10.22 11:19 A D:\mymatlab\toolbox\utilities\panchev\panchev1.m --> deniz.ims.metu.edu.tr /disk3/users/gregg/toolbox/utilities/panchev panchev1.m
97.10.22 11:19 A D:\mymatlab\toolbox\utilities\panchev\panchev2.m --> deniz.ims.metu.edu.tr /disk3/users/gregg/toolbox/utilities/panchev panchev2.m
97.10.22 11:19 A D:\mymatlab\toolbox\utilities\panchev\panchev_fit.m --> deniz.ims.metu.edu.tr /disk3/users/gregg/toolbox/utilities/panchev panchev_fit.m
97.10.22 11:19 A D:\mymatlab\toolbox\utilities\panchev\panchev_fit2.m --> deniz.ims.metu.edu.tr /disk3/users/gregg/toolbox/utilities/panchev panchev_fit2.m
97.10.22 11:19 A D:\mymatlab\toolbox\utilities\panchev\panchev_fit3.m --> deniz.ims.metu.edu.tr /disk3/users/gregg/toolbox/utilities/panchev panchev_fit3.m
97.10.22 11:19 A D:\mymatlab\toolbox\utilities\panchev\panchev_logspace.m --> deniz.ims.metu.edu.tr /disk3/users/gregg/toolbox/utilities/panchev panchev_logspace.m
97.10.22 11:19 B D:\mymatlab\toolbox\utilities\panchev\panchev_shear10_fit.mat --> deniz.ims.metu.edu.tr /disk3/users/gregg/toolbox/utilities/panchev panchev_shear10_fit.mat
97.10.22 11:19 B D:\mymatlab\toolbox\utilities\panchev\Panchevk.mat --> deniz.ims.metu.edu.tr /disk3/users/gregg/toolbox/utilities/panchev Panchevk.mat
97.10.22 11:19 A D:\mymatlab\toolbox\utilities\panchev\panchevT.m --> deniz.ims.metu.edu.tr /disk3/users/gregg/toolbox/utilities/panchev panchevT.m
97.10.22 11:19 A D:\mymatlab\toolbox\utilities\panchev\plot_panchev.m --> deniz.ims.metu.edu.tr /disk3/users/gregg/toolbox/utilities/panchev plot_panchev.m
97.10.22 11:19 B D:\mymatlab\toolbox\utilities\panchev\WS_FTP.LOG --> deniz.ims.metu.edu.tr /disk3/users/gregg/toolbox/utilities/panchev WS_FTP.LOG
