97.08.01 16:38 B D:\aamymatlab\mmp\processing\af\af_refspec_mmp.m <-- europa /europaHD/aamymatlab/mmp/processing/af/ af_refspec_mmp.m
97.08.01 16:38 B D:\aamymatlab\mmp\processing\af\convert_panchev_mmp.m <-- europa /europaHD/aamymatlab/mmp/processing/af/ convert_panchev_mmp.m
97.08.01 16:38 B D:\aamymatlab\mmp\processing\af\eps_compare1_mmp.m <-- europa /europaHD/aamymatlab/mmp/processing/af/ eps_compare1_mmp.m
97.08.01 16:38 B D:\aamymatlab\mmp\processing\af\eps_fit_shear10.mat <-- europa /europaHD/aamymatlab/mmp/processing/af/ eps_fit_shear10.mat
97.08.01 16:38 B D:\aamymatlab\mmp\processing\af\get_af_cal.m <-- europa /europaHD/aamymatlab/mmp/processing/af/ get_af_cal.m
97.08.01 16:38 B D:\aamymatlab\mmp\processing\af\get_afinfo_mmp.m <-- europa /europaHD/aamymatlab/mmp/processing/af/ get_afinfo_mmp.m
97.08.01 16:38 B D:\aamymatlab\mmp\processing\af\panchev_voltf_mmp.m <-- europa /europaHD/aamymatlab/mmp/processing/af/ panchev_voltf_mmp.m
97.08.01 16:38 B D:\aamymatlab\mmp\processing\af\sh10vseps.eps <-- europa /europaHD/aamymatlab/mmp/processing/af/ sh10vseps.eps
97.08.01 16:38 B D:\aamymatlab\mmp\processing\af\sh10vssht.eps <-- europa /europaHD/aamymatlab/mmp/processing/af/ sh10vssht.eps
97.08.01 16:38 B D:\aamymatlab\mmp\processing\af\shtotal_fit_shear10.mat <-- europa /europaHD/aamymatlab/mmp/processing/af/ shtotal_fit_shear10.mat
97.08.01 16:38 B D:\aamymatlab\mmp\processing\af\test_epscorr.m <-- europa /europaHD/aamymatlab/mmp/processing/af/ test_epscorr.m
97.08.01 16:38 B D:\aamymatlab\mmp\processing\af\velspec.m <-- europa /europaHD/aamymatlab/mmp/processing/af/ velspec.m
97.08.10 05:28 A D:\mymatlab\mmp\processing\af\af_refspec_mmp.m <-- europa /europaHD/mymatlab/mmp/processing/af/ af_refspec_mmp.m
97.08.10 05:28 A D:\mymatlab\mmp\processing\af\convert_panchev_mmp.m <-- europa /europaHD/mymatlab/mmp/processing/af/ convert_panchev_mmp.m
97.08.10 05:28 A D:\mymatlab\mmp\processing\af\eps_compare1_mmp.m <-- europa /europaHD/mymatlab/mmp/processing/af/ eps_compare1_mmp.m
97.08.10 05:28 A D:\mymatlab\mmp\processing\af\eps_fit_shear10.mat <-- europa /europaHD/mymatlab/mmp/processing/af/ eps_fit_shear10.mat
97.08.10 05:28 A D:\mymatlab\mmp\processing\af\get_af_cal.m <-- europa /europaHD/mymatlab/mmp/processing/af/ get_af_cal.m
97.08.10 05:28 A D:\mymatlab\mmp\processing\af\get_afinfo_mmp.m <-- europa /europaHD/mymatlab/mmp/processing/af/ get_afinfo_mmp.m
97.08.10 05:28 A D:\mymatlab\mmp\processing\af\panchev_voltf_mmp.m <-- europa /europaHD/mymatlab/mmp/processing/af/ panchev_voltf_mmp.m
97.08.10 05:28 A D:\mymatlab\mmp\processing\af\sh10vseps.eps <-- europa /europaHD/mymatlab/mmp/processing/af/ sh10vseps.eps
97.08.10 05:28 A D:\mymatlab\mmp\processing\af\sh10vssht.eps <-- europa /europaHD/mymatlab/mmp/processing/af/ sh10vssht.eps
97.08.10 05:28 A D:\mymatlab\mmp\processing\af\shtotal_fit_shear10.mat <-- europa /europaHD/mymatlab/mmp/processing/af/ shtotal_fit_shear10.mat
97.08.10 05:29 A D:\mymatlab\mmp\processing\af\test_epscorr.m <-- europa /europaHD/mymatlab/mmp/processing/af/ test_epscorr.m
97.08.10 05:29 A D:\mymatlab\mmp\processing\af\velspec.m <-- europa /europaHD/mymatlab/mmp/processing/af/ velspec.m
