97.08.16 09:08 A D:\mymatlab\toolbox\generalplotting\multixaxis.m <-- europa /europaHD/mymatlab/toolbox/generalplotting/ multixaxis.m
97.08.16 09:08 A D:\mymatlab\toolbox\generalplotting\multixaxis2.m <-- europa /europaHD/mymatlab/toolbox/generalplotting/ multixaxis2.m
97.08.16 09:08 A D:\mymatlab\toolbox\generalplotting\multixaxis3.m <-- europa /europaHD/mymatlab/toolbox/generalplotting/ multixaxis3.m
97.08.16 09:09 B D:\mymatlab\toolbox\generalplotting\myhsv.mat <-- europa /europaHD/mymatlab/toolbox/generalplotting/ myhsv.mat
97.08.16 09:09 A D:\mymatlab\toolbox\generalplotting\mystairs.m <-- europa /europaHD/mymatlab/toolbox/generalplotting/ mystairs.m
97.08.16 09:09 A D:\mymatlab\toolbox\generalplotting\myticks.m <-- europa /europaHD/mymatlab/toolbox/generalplotting/ myticks.m
97.08.16 09:09 A D:\mymatlab\toolbox\generalplotting\plainfill.m <-- europa /europaHD/mymatlab/toolbox/generalplotting/ plainfill.m
97.08.16 09:10 A D:\mymatlab\toolbox\generalplotting\plainshaded.m <-- europa /europaHD/mymatlab/toolbox/generalplotting/ plainshaded.m
97.08.16 09:10 A D:\mymatlab\toolbox\generalplotting\plot_tsreps_mmp.m <-- europa /europaHD/mymatlab/toolbox/generalplotting/ plot_tsreps_mmp.m
97.08.16 09:10 A D:\mymatlab\toolbox\generalplotting\popup.m <-- europa /europaHD/mymatlab/toolbox/generalplotting/ popup.m
97.08.16 09:10 A D:\mymatlab\toolbox\generalplotting\popuptext.m <-- europa /europaHD/mymatlab/toolbox/generalplotting/ popuptext.m
97.08.16 09:10 A D:\mymatlab\toolbox\generalplotting\print2.m <-- europa /europaHD/mymatlab/toolbox/generalplotting/ print2.m
97.08.16 09:10 A D:\mymatlab\toolbox\generalplotting\printopt2.m <-- europa /europaHD/mymatlab/toolbox/generalplotting/ printopt2.m
97.08.16 09:10 A D:\mymatlab\toolbox\generalplotting\pushdown.m <-- europa /europaHD/mymatlab/toolbox/generalplotting/ pushdown.m
97.08.16 09:10 A D:\mymatlab\toolbox\generalplotting\rightaxis.m <-- europa /europaHD/mymatlab/toolbox/generalplotting/ rightaxis.m
97.08.16 09:10 A D:\mymatlab\toolbox\generalplotting\stair_plot.m <-- europa /europaHD/mymatlab/toolbox/generalplotting/ stair_plot.m
97.08.16 09:10 A D:\mymatlab\toolbox\generalplotting\tdvec.m <-- europa /europaHD/mymatlab/toolbox/generalplotting/ tdvec.m
97.08.16 09:10 A D:\mymatlab\toolbox\generalplotting\tsplot.m <-- europa /europaHD/mymatlab/toolbox/generalplotting/ tsplot.m
97.08.16 09:10 A D:\mymatlab\toolbox\generalplotting\tsplot_p.m <-- europa /europaHD/mymatlab/toolbox/generalplotting/ tsplot_p.m
97.08.16 09:10 A D:\mymatlab\toolbox\generalplotting\twoyaxis.m <-- europa /europaHD/mymatlab/toolbox/generalplotting/ twoyaxis.m
97.08.16 09:11 A D:\mymatlab\toolbox\generalplotting\uiprint.m <-- europa /europaHD/mymatlab/toolbox/generalplotting/ uiprint.m
97.08.16 09:11 A D:\mymatlab\toolbox\generalplotting\wygiwys.m <-- europa /europaHD/mymatlab/toolbox/generalplotting/ wygiwys.m
97.08.16 09:11 A D:\mymatlab\toolbox\generalplotting\wysiwyg.m <-- europa /europaHD/mymatlab/toolbox/generalplotting/ wysiwyg.m
97.10.22 11:18 A D:\mymatlab\toolbox\generalplotting\avgstairs.m --> deniz.ims.metu.edu.tr /disk3/users/gregg/toolbox/generalplotting avgstairs.m
97.10.22 11:18 A D:\mymatlab\toolbox\generalplotting\bottomaxis.m --> deniz.ims.metu.edu.tr /disk3/users/gregg/toolbox/generalplotting bottomaxis.m
97.10.22 11:18 A D:\mymatlab\toolbox\generalplotting\bounded_image.m --> deniz.ims.metu.edu.tr /disk3/users/gregg/toolbox/generalplotting bounded_image.m
97.10.22 11:18 A D:\mymatlab\toolbox\generalplotting\colorbar2.m --> deniz.ims.metu.edu.tr /disk3/users/gregg/toolbox/generalplotting colorbar2.m
97.10.22 11:18 A D:\mymatlab\toolbox\generalplotting\columnfill.m --> deniz.ims.metu.edu.tr /disk3/users/gregg/toolbox/generalplotting columnfill.m
97.10.22 11:18 A D:\mymatlab\toolbox\generalplotting\contourfill.m --> deniz.ims.metu.edu.tr /disk3/users/gregg/toolbox/generalplotting contourfill.m
97.10.22 11:18 A D:\mymatlab\toolbox\generalplotting\contoursurf.m --> deniz.ims.metu.edu.tr /disk3/users/gregg/toolbox/generalplotting contoursurf.m
97.10.22 11:18 A D:\mymatlab\toolbox\generalplotting\coolhot.m --> deniz.ims.metu.edu.tr /disk3/users/gregg/toolbox/generalplotting coolhot.m
97.10.22 11:18 A D:\mymatlab\toolbox\generalplotting\eps_sig_theta.m --> deniz.ims.metu.edu.tr /disk3/users/gregg/toolbox/generalplotting eps_sig_theta.m
97.10.22 11:18 A D:\mymatlab\toolbox\generalplotting\extclabel.m --> deniz.ims.metu.edu.tr /disk3/users/gregg/toolbox/generalplotting extclabel.m
97.10.22 11:18 A D:\mymatlab\toolbox\generalplotting\extcontour.m --> deniz.ims.metu.edu.tr /disk3/users/gregg/toolbox/generalplotting extcontour.m
97.10.22 11:18 A D:\mymatlab\toolbox\generalplotting\fillbar.m --> deniz.ims.metu.edu.tr /disk3/users/gregg/toolbox/generalplotting fillbar.m
97.10.22 11:18 A D:\mymatlab\toolbox\generalplotting\fillstair.m --> deniz.ims.metu.edu.tr /disk3/users/gregg/toolbox/generalplotting fillstair.m
97.10.22 11:18 A D:\mymatlab\toolbox\generalplotting\getallaxes.m --> deniz.ims.metu.edu.tr /disk3/users/gregg/toolbox/generalplotting getallaxes.m
97.10.22 11:18 A D:\mymatlab\toolbox\generalplotting\getallline.m --> deniz.ims.metu.edu.tr /disk3/users/gregg/toolbox/generalplotting getallline.m
97.10.22 11:18 A D:\mymatlab\toolbox\generalplotting\logticks.m --> deniz.ims.metu.edu.tr /disk3/users/gregg/toolbox/generalplotting logticks.m
97.10.22 11:18 A D:\mymatlab\toolbox\generalplotting\multixaxis.m --> deniz.ims.metu.edu.tr /disk3/users/gregg/toolbox/generalplotting multixaxis.m
97.10.22 11:18 A D:\mymatlab\toolbox\generalplotting\multixaxis2.m --> deniz.ims.metu.edu.tr /disk3/users/gregg/toolbox/generalplotting multixaxis2.m
97.10.22 11:18 A D:\mymatlab\toolbox\generalplotting\multixaxis3.m --> deniz.ims.metu.edu.tr /disk3/users/gregg/toolbox/generalplotting multixaxis3.m
97.10.22 11:18 B D:\mymatlab\toolbox\generalplotting\myhsv.mat --> deniz.ims.metu.edu.tr /disk3/users/gregg/toolbox/generalplotting myhsv.mat
97.10.22 11:18 A D:\mymatlab\toolbox\generalplotting\mystairs.m --> deniz.ims.metu.edu.tr /disk3/users/gregg/toolbox/generalplotting mystairs.m
97.10.22 11:18 A D:\mymatlab\toolbox\generalplotting\myticks.m --> deniz.ims.metu.edu.tr /disk3/users/gregg/toolbox/generalplotting myticks.m
97.10.22 11:18 A D:\mymatlab\toolbox\generalplotting\plainfill.m --> deniz.ims.metu.edu.tr /disk3/users/gregg/toolbox/generalplotting plainfill.m
97.10.22 11:18 A D:\mymatlab\toolbox\generalplotting\plainshaded.m --> deniz.ims.metu.edu.tr /disk3/users/gregg/toolbox/generalplotting plainshaded.m
97.10.22 11:18 A D:\mymatlab\toolbox\generalplotting\plot_tsreps_mmp.m --> deniz.ims.metu.edu.tr /disk3/users/gregg/toolbox/generalplotting plot_tsreps_mmp.m
97.10.22 11:18 A D:\mymatlab\toolbox\generalplotting\popup.m --> deniz.ims.metu.edu.tr /disk3/users/gregg/toolbox/generalplotting popup.m
97.10.22 11:18 A D:\mymatlab\toolbox\generalplotting\popuptext.m --> deniz.ims.metu.edu.tr /disk3/users/gregg/toolbox/generalplotting popuptext.m
97.10.22 11:18 A D:\mymatlab\toolbox\generalplotting\print2.m --> deniz.ims.metu.edu.tr /disk3/users/gregg/toolbox/generalplotting print2.m
97.10.22 11:18 A D:\mymatlab\toolbox\generalplotting\printopt2.m --> deniz.ims.metu.edu.tr /disk3/users/gregg/toolbox/generalplotting printopt2.m
97.10.22 11:18 A D:\mymatlab\toolbox\generalplotting\pushdown.m --> deniz.ims.metu.edu.tr /disk3/users/gregg/toolbox/generalplotting pushdown.m
97.10.22 11:18 A D:\mymatlab\toolbox\generalplotting\rightaxis.m --> deniz.ims.metu.edu.tr /disk3/users/gregg/toolbox/generalplotting rightaxis.m
97.10.22 11:18 A D:\mymatlab\toolbox\generalplotting\stair_plot.m --> deniz.ims.metu.edu.tr /disk3/users/gregg/toolbox/generalplotting stair_plot.m
97.10.22 11:18 A D:\mymatlab\toolbox\generalplotting\tdvec.m --> deniz.ims.metu.edu.tr /disk3/users/gregg/toolbox/generalplotting tdvec.m
97.10.22 11:18 A D:\mymatlab\toolbox\generalplotting\tsplot.m --> deniz.ims.metu.edu.tr /disk3/users/gregg/toolbox/generalplotting tsplot.m
97.10.22 11:18 A D:\mymatlab\toolbox\generalplotting\tsplot_p.m --> deniz.ims.metu.edu.tr /disk3/users/gregg/toolbox/generalplotting tsplot_p.m
97.10.22 11:18 A D:\mymatlab\toolbox\generalplotting\twoyaxis.m --> deniz.ims.metu.edu.tr /disk3/users/gregg/toolbox/generalplotting twoyaxis.m
97.10.22 11:18 A D:\mymatlab\toolbox\generalplotting\uiprint.m --> deniz.ims.metu.edu.tr /disk3/users/gregg/toolbox/generalplotting uiprint.m
97.10.22 11:18 B D:\mymatlab\toolbox\generalplotting\WS_FTP.LOG --> deniz.ims.metu.edu.tr /disk3/users/gregg/toolbox/generalplotting WS_FTP.LOG
97.10.22 11:18 A D:\mymatlab\toolbox\generalplotting\wygiwys.m --> deniz.ims.metu.edu.tr /disk3/users/gregg/toolbox/generalplotting wygiwys.m
97.10.22 11:18 A D:\mymatlab\toolbox\generalplotting\wysiwyg.m --> deniz.ims.metu.edu.tr /disk3/users/gregg/toolbox/generalplotting wysiwyg.m
