97.08.01 17:30 B D:\aamymatlab\toolbox\masteringmatlab\Contents.m <-- europa /europaHD/aamymatlab/toolbox/masteringmatlab/ Contents.m
97.08.01 17:30 B D:\aamymatlab\toolbox\masteringmatlab\expsin.m <-- europa /europaHD/aamymatlab/toolbox/masteringmatlab/ expsin.m
97.08.01 17:30 B D:\aamymatlab\toolbox\masteringmatlab\fsderiv.m <-- europa /europaHD/aamymatlab/toolbox/masteringmatlab/ fsderiv.m
97.08.01 17:30 B D:\aamymatlab\toolbox\masteringmatlab\fseval.m <-- europa /europaHD/aamymatlab/toolbox/masteringmatlab/ fseval.m
97.08.01 17:30 B D:\aamymatlab\toolbox\masteringmatlab\fsfind.m <-- europa /europaHD/aamymatlab/toolbox/masteringmatlab/ fsfind.m
97.08.01 17:30 B D:\aamymatlab\toolbox\masteringmatlab\fsform.m <-- europa /europaHD/aamymatlab/toolbox/masteringmatlab/ fsform.m
97.08.01 17:30 B D:\aamymatlab\toolbox\masteringmatlab\fsharm.m <-- europa /europaHD/aamymatlab/toolbox/masteringmatlab/ fsharm.m
97.08.01 17:30 B D:\aamymatlab\toolbox\masteringmatlab\fsmsv.m <-- europa /europaHD/aamymatlab/toolbox/masteringmatlab/ fsmsv.m
97.08.01 17:30 B D:\aamymatlab\toolbox\masteringmatlab\fsresize.m <-- europa /europaHD/aamymatlab/toolbox/masteringmatlab/ fsresize.m
97.08.01 17:30 B D:\aamymatlab\toolbox\masteringmatlab\fsresp.m <-- europa /europaHD/aamymatlab/toolbox/masteringmatlab/ fsresp.m
97.08.01 17:30 B D:\aamymatlab\toolbox\masteringmatlab\fsround.m <-- europa /europaHD/aamymatlab/toolbox/masteringmatlab/ fsround.m
97.08.01 17:31 B D:\aamymatlab\toolbox\masteringmatlab\fswindow.m <-- europa /europaHD/aamymatlab/toolbox/masteringmatlab/ fswindow.m
97.08.01 17:31 B D:\aamymatlab\toolbox\masteringmatlab\iforgot.m <-- europa /europaHD/aamymatlab/toolbox/masteringmatlab/ iforgot.m
97.08.01 17:31 B D:\aamymatlab\toolbox\masteringmatlab\mm4d.m <-- europa /europaHD/aamymatlab/toolbox/masteringmatlab/ mm4d.m
97.08.01 17:31 B D:\aamymatlab\toolbox\masteringmatlab\mmap.m <-- europa /europaHD/aamymatlab/toolbox/masteringmatlab/ mmap.m
97.08.01 17:31 B D:\aamymatlab\toolbox\masteringmatlab\mmax.m <-- europa /europaHD/aamymatlab/toolbox/masteringmatlab/ mmax.m
97.08.01 17:31 B D:\aamymatlab\toolbox\masteringmatlab\mmaxes.m <-- europa /europaHD/aamymatlab/toolbox/masteringmatlab/ mmaxes.m
97.08.01 17:31 B D:\aamymatlab\toolbox\masteringmatlab\mmbox.m <-- europa /europaHD/aamymatlab/toolbox/masteringmatlab/ mmbox.m
97.08.01 17:31 B D:\aamymatlab\toolbox\masteringmatlab\mmcaxisd.m <-- europa /europaHD/aamymatlab/toolbox/masteringmatlab/ mmcaxisd.m
97.08.01 17:31 B D:\aamymatlab\toolbox\masteringmatlab\mmclock.m <-- europa /europaHD/aamymatlab/toolbox/masteringmatlab/ mmclock.m
97.08.01 17:31 B D:\aamymatlab\toolbox\masteringmatlab\mmcmapd.m <-- europa /europaHD/aamymatlab/toolbox/masteringmatlab/ mmcmapd.m
97.08.01 17:31 B D:\aamymatlab\toolbox\masteringmatlab\mmcont2.m <-- europa /europaHD/aamymatlab/toolbox/masteringmatlab/ mmcont2.m
97.08.10 04:00 A D:\mymatlab\toolbox\masteringmatlab\Contents.m <-- europa /europaHD/mymatlab/toolbox/masteringmatlab/ Contents.m
97.08.10 04:00 A D:\mymatlab\toolbox\masteringmatlab\expsin.m <-- europa /europaHD/mymatlab/toolbox/masteringmatlab/ expsin.m
97.08.10 04:00 A D:\mymatlab\toolbox\masteringmatlab\fsderiv.m <-- europa /europaHD/mymatlab/toolbox/masteringmatlab/ fsderiv.m
97.08.10 04:00 A D:\mymatlab\toolbox\masteringmatlab\fseval.m <-- europa /europaHD/mymatlab/toolbox/masteringmatlab/ fseval.m
97.08.10 04:00 A D:\mymatlab\toolbox\masteringmatlab\fsfind.m <-- europa /europaHD/mymatlab/toolbox/masteringmatlab/ fsfind.m
97.08.10 04:01 A D:\mymatlab\toolbox\masteringmatlab\fsform.m <-- europa /europaHD/mymatlab/toolbox/masteringmatlab/ fsform.m
97.08.10 04:01 A D:\mymatlab\toolbox\masteringmatlab\fsharm.m <-- europa /europaHD/mymatlab/toolbox/masteringmatlab/ fsharm.m
97.08.10 04:01 A D:\mymatlab\toolbox\masteringmatlab\fsmsv.m <-- europa /europaHD/mymatlab/toolbox/masteringmatlab/ fsmsv.m
97.08.10 04:01 A D:\mymatlab\toolbox\masteringmatlab\fsresize.m <-- europa /europaHD/mymatlab/toolbox/masteringmatlab/ fsresize.m
97.08.10 04:01 A D:\mymatlab\toolbox\masteringmatlab\fsresp.m <-- europa /europaHD/mymatlab/toolbox/masteringmatlab/ fsresp.m
97.08.10 04:01 A D:\mymatlab\toolbox\masteringmatlab\fsround.m <-- europa /europaHD/mymatlab/toolbox/masteringmatlab/ fsround.m
97.08.10 04:01 A D:\mymatlab\toolbox\masteringmatlab\fswindow.m <-- europa /europaHD/mymatlab/toolbox/masteringmatlab/ fswindow.m
97.08.10 04:01 A D:\mymatlab\toolbox\masteringmatlab\iforgot.m <-- europa /europaHD/mymatlab/toolbox/masteringmatlab/ iforgot.m
97.08.10 04:01 A D:\mymatlab\toolbox\masteringmatlab\mm4d.m <-- europa /europaHD/mymatlab/toolbox/masteringmatlab/ mm4d.m
97.08.10 04:01 A D:\mymatlab\toolbox\masteringmatlab\mmap.m <-- europa /europaHD/mymatlab/toolbox/masteringmatlab/ mmap.m
97.08.10 04:01 A D:\mymatlab\toolbox\masteringmatlab\mmax.m <-- europa /europaHD/mymatlab/toolbox/masteringmatlab/ mmax.m
97.08.10 04:01 A D:\mymatlab\toolbox\masteringmatlab\mmaxes.m <-- europa /europaHD/mymatlab/toolbox/masteringmatlab/ mmaxes.m
97.08.10 04:01 A D:\mymatlab\toolbox\masteringmatlab\mmbox.m <-- europa /europaHD/mymatlab/toolbox/masteringmatlab/ mmbox.m
97.08.10 04:01 A D:\mymatlab\toolbox\masteringmatlab\mmcaxisd.m <-- europa /europaHD/mymatlab/toolbox/masteringmatlab/ mmcaxisd.m
97.08.10 04:01 A D:\mymatlab\toolbox\masteringmatlab\mmclock.m <-- europa /europaHD/mymatlab/toolbox/masteringmatlab/ mmclock.m
97.08.10 04:01 A D:\mymatlab\toolbox\masteringmatlab\mmcmapd.m <-- europa /europaHD/mymatlab/toolbox/masteringmatlab/ mmcmapd.m
97.08.10 04:01 A D:\mymatlab\toolbox\masteringmatlab\mmcont2.m <-- europa /europaHD/mymatlab/toolbox/masteringmatlab/ mmcont2.m
97.08.10 04:02 A D:\mymatlab\toolbox\masteringmatlab\mmcont3.m <-- europa /europaHD/mymatlab/toolbox/masteringmatlab/ mmcont3.m
97.08.10 04:02 A D:\mymatlab\toolbox\masteringmatlab\mmctl1.m <-- europa /europaHD/mymatlab/toolbox/masteringmatlab/ mmctl1.m
97.08.10 04:02 A D:\mymatlab\toolbox\masteringmatlab\mmctl2.m <-- europa /europaHD/mymatlab/toolbox/masteringmatlab/ mmctl2.m
97.08.10 04:02 A D:\mymatlab\toolbox\masteringmatlab\mmctl3.m <-- europa /europaHD/mymatlab/toolbox/masteringmatlab/ mmctl3.m
97.08.10 04:02 A D:\mymatlab\toolbox\masteringmatlab\mmctl4.m <-- europa /europaHD/mymatlab/toolbox/masteringmatlab/ mmctl4.m
97.08.10 04:02 A D:\mymatlab\toolbox\masteringmatlab\mmctl5.m <-- europa /europaHD/mymatlab/toolbox/masteringmatlab/ mmctl5.m
97.08.10 04:02 A D:\mymatlab\toolbox\masteringmatlab\mmctl6.m <-- europa /europaHD/mymatlab/toolbox/masteringmatlab/ mmctl6.m
97.08.10 04:02 A D:\mymatlab\toolbox\masteringmatlab\mmctl7.m <-- europa /europaHD/mymatlab/toolbox/masteringmatlab/ mmctl7.m
97.08.10 04:02 A D:\mymatlab\toolbox\masteringmatlab\mmctl8.m <-- europa /europaHD/mymatlab/toolbox/masteringmatlab/ mmctl8.m
97.08.10 04:02 A D:\mymatlab\toolbox\masteringmatlab\mmcxy.m <-- europa /europaHD/mymatlab/toolbox/masteringmatlab/ mmcxy.m
97.08.10 04:02 A D:\mymatlab\toolbox\masteringmatlab\mmderiv.m <-- europa /europaHD/mymatlab/toolbox/masteringmatlab/ mmderiv.m
97.08.10 04:02 A D:\mymatlab\toolbox\masteringmatlab\mmdraw.m <-- europa /europaHD/mymatlab/toolbox/masteringmatlab/ mmdraw.m
97.08.10 04:02 A D:\mymatlab\toolbox\masteringmatlab\mmenu1.m <-- europa /europaHD/mymatlab/toolbox/masteringmatlab/ mmenu1.m
97.08.10 04:02 A D:\mymatlab\toolbox\masteringmatlab\mmenu2.m <-- europa /europaHD/mymatlab/toolbox/masteringmatlab/ mmenu2.m
97.08.10 04:02 A D:\mymatlab\toolbox\masteringmatlab\mmenu3.m <-- europa /europaHD/mymatlab/toolbox/masteringmatlab/ mmenu3.m
97.08.10 04:02 A D:\mymatlab\toolbox\masteringmatlab\mmenu4.m <-- europa /europaHD/mymatlab/toolbox/masteringmatlab/ mmenu4.m
97.08.10 04:02 A D:\mymatlab\toolbox\masteringmatlab\mmenu5.m <-- europa /europaHD/mymatlab/toolbox/masteringmatlab/ mmenu5.m
97.08.10 04:02 A D:\mymatlab\toolbox\masteringmatlab\mmenus.m <-- europa /europaHD/mymatlab/toolbox/masteringmatlab/ mmenus.m
97.08.10 04:03 A D:\mymatlab\toolbox\masteringmatlab\mmfill.m <-- europa /europaHD/mymatlab/toolbox/masteringmatlab/ mmfill.m
97.08.10 04:03 A D:\mymatlab\toolbox\masteringmatlab\mmfind.m <-- europa /europaHD/mymatlab/toolbox/masteringmatlab/ mmfind.m
97.08.10 04:03 A D:\mymatlab\toolbox\masteringmatlab\mmfont.m <-- europa /europaHD/mymatlab/toolbox/masteringmatlab/ mmfont.m
97.08.10 04:03 A D:\mymatlab\toolbox\masteringmatlab\mmgca.m <-- europa /europaHD/mymatlab/toolbox/masteringmatlab/ mmgca.m
97.08.10 04:03 A D:\mymatlab\toolbox\masteringmatlab\mmgcf.m <-- europa /europaHD/mymatlab/toolbox/masteringmatlab/ mmgcf.m
97.08.10 04:03 A D:\mymatlab\toolbox\masteringmatlab\mmgetxy.m <-- europa /europaHD/mymatlab/toolbox/masteringmatlab/ mmgetxy.m
97.08.10 04:03 A D:\mymatlab\toolbox\masteringmatlab\mmhole.m <-- europa /europaHD/mymatlab/toolbox/masteringmatlab/ mmhole.m
97.08.10 04:03 A D:\mymatlab\toolbox\masteringmatlab\mmin.m <-- europa /europaHD/mymatlab/toolbox/masteringmatlab/ mmin.m
97.08.10 04:03 A D:\mymatlab\toolbox\masteringmatlab\mminterp.m <-- europa /europaHD/mymatlab/toolbox/masteringmatlab/ mminterp.m
97.08.10 04:03 A D:\mymatlab\toolbox\masteringmatlab\mmintgrl.m <-- europa /europaHD/mymatlab/toolbox/masteringmatlab/ mmintgrl.m
97.08.10 04:03 A D:\mymatlab\toolbox\masteringmatlab\mmline.m <-- europa /europaHD/mymatlab/toolbox/masteringmatlab/ mmline.m
97.08.10 04:03 A D:\mymatlab\toolbox\masteringmatlab\mmn2px.m <-- europa /europaHD/mymatlab/toolbox/masteringmatlab/ mmn2px.m
97.08.10 04:03 A D:\mymatlab\toolbox\masteringmatlab\mmono.m <-- europa /europaHD/mymatlab/toolbox/masteringmatlab/ mmono.m
97.08.10 04:03 A D:\mymatlab\toolbox\masteringmatlab\mmp2str.m <-- europa /europaHD/mymatlab/toolbox/masteringmatlab/ mmp2str.m
97.08.10 04:03 A D:\mymatlab\toolbox\masteringmatlab\mmpadd.m <-- europa /europaHD/mymatlab/toolbox/masteringmatlab/ mmpadd.m
97.08.10 04:03 A D:\mymatlab\toolbox\masteringmatlab\mmpage.m <-- europa /europaHD/mymatlab/toolbox/masteringmatlab/ mmpage.m
97.08.10 04:03 A D:\mymatlab\toolbox\masteringmatlab\mmpaper.m <-- europa /europaHD/mymatlab/toolbox/masteringmatlab/ mmpaper.m
97.08.10 04:04 A D:\mymatlab\toolbox\masteringmatlab\mmpsim.m <-- europa /europaHD/mymatlab/toolbox/masteringmatlab/ mmpsim.m
97.08.10 04:04 A D:\mymatlab\toolbox\masteringmatlab\mmpx2n.m <-- europa /europaHD/mymatlab/toolbox/masteringmatlab/ mmpx2n.m
97.08.10 04:04 A D:\mymatlab\toolbox\masteringmatlab\mmsetc.m <-- europa /europaHD/mymatlab/toolbox/masteringmatlab/ mmsetc.m
97.08.10 04:04 A D:\mymatlab\toolbox\masteringmatlab\mmsetclr.m <-- europa /europaHD/mymatlab/toolbox/masteringmatlab/ mmsetclr.m
97.08.10 04:04 A D:\mymatlab\toolbox\masteringmatlab\mmsetf.m <-- europa /europaHD/mymatlab/toolbox/masteringmatlab/ mmsetf.m
97.08.10 04:04 A D:\mymatlab\toolbox\masteringmatlab\mmshow.m <-- europa /europaHD/mymatlab/toolbox/masteringmatlab/ mmshow.m
97.08.10 04:04 A D:\mymatlab\toolbox\masteringmatlab\mmspin3d.m <-- europa /europaHD/mymatlab/toolbox/masteringmatlab/ mmspin3d.m
97.08.10 04:04 A D:\mymatlab\toolbox\masteringmatlab\mmtable.m <-- europa /europaHD/mymatlab/toolbox/masteringmatlab/ mmtable.m
97.08.10 04:04 A D:\mymatlab\toolbox\masteringmatlab\mmtemp.m <-- europa /europaHD/mymatlab/toolbox/masteringmatlab/ mmtemp.m
97.08.10 04:04 A D:\mymatlab\toolbox\masteringmatlab\mmtext.m <-- europa /europaHD/mymatlab/toolbox/masteringmatlab/ mmtext.m
97.08.10 04:04 A D:\mymatlab\toolbox\masteringmatlab\mmtile.m <-- europa /europaHD/mymatlab/toolbox/masteringmatlab/ mmtile.m
97.08.10 04:04 A D:\mymatlab\toolbox\masteringmatlab\mmtool.m <-- europa /europaHD/mymatlab/toolbox/masteringmatlab/ mmtool.m
97.08.10 04:04 A D:\mymatlab\toolbox\masteringmatlab\mmview3d.m <-- europa /europaHD/mymatlab/toolbox/masteringmatlab/ mmview3d.m
97.08.10 04:04 A D:\mymatlab\toolbox\masteringmatlab\mmzap.m <-- europa /europaHD/mymatlab/toolbox/masteringmatlab/ mmzap.m
97.08.10 04:04 A D:\mymatlab\toolbox\masteringmatlab\mmzoom.m <-- europa /europaHD/mymatlab/toolbox/masteringmatlab/ mmzoom.m
97.08.10 04:04 A D:\mymatlab\toolbox\masteringmatlab\rainbow.m <-- europa /europaHD/mymatlab/toolbox/masteringmatlab/ rainbow.m
97.08.10 04:05 A D:\mymatlab\toolbox\masteringmatlab\readme.m <-- europa /europaHD/mymatlab/toolbox/masteringmatlab/ readme.m
97.08.10 04:05 A D:\mymatlab\toolbox\masteringmatlab\sawtooth.m <-- europa /europaHD/mymatlab/toolbox/masteringmatlab/ sawtooth.m
97.08.10 04:05 A D:\mymatlab\toolbox\masteringmatlab\shiftlr.m <-- europa /europaHD/mymatlab/toolbox/masteringmatlab/ shiftlr.m
97.08.10 04:05 A D:\mymatlab\toolbox\masteringmatlab\shiftud.m <-- europa /europaHD/mymatlab/toolbox/masteringmatlab/ shiftud.m
97.08.10 04:05 A D:\mymatlab\toolbox\masteringmatlab\spderiv.m <-- europa /europaHD/mymatlab/toolbox/masteringmatlab/ spderiv.m
97.08.10 04:05 A D:\mymatlab\toolbox\masteringmatlab\spintgrl.m <-- europa /europaHD/mymatlab/toolbox/masteringmatlab/ spintgrl.m
97.08.10 04:05 A D:\mymatlab\toolbox\masteringmatlab\vdpol.m <-- europa /europaHD/mymatlab/toolbox/masteringmatlab/ vdpol.m
97.10.22 11:18 A D:\mymatlab\toolbox\masteringmatlab\Contents.m --> deniz.ims.metu.edu.tr /disk3/users/gregg/toolbox/masteringmatlab Contents.m
97.10.22 11:18 A D:\mymatlab\toolbox\masteringmatlab\expsin.m --> deniz.ims.metu.edu.tr /disk3/users/gregg/toolbox/masteringmatlab expsin.m
97.10.22 11:18 A D:\mymatlab\toolbox\masteringmatlab\fsderiv.m --> deniz.ims.metu.edu.tr /disk3/users/gregg/toolbox/masteringmatlab fsderiv.m
97.10.22 11:18 A D:\mymatlab\toolbox\masteringmatlab\fseval.m --> deniz.ims.metu.edu.tr /disk3/users/gregg/toolbox/masteringmatlab fseval.m
97.10.22 11:18 A D:\mymatlab\toolbox\masteringmatlab\fsfind.m --> deniz.ims.metu.edu.tr /disk3/users/gregg/toolbox/masteringmatlab fsfind.m
97.10.22 11:18 A D:\mymatlab\toolbox\masteringmatlab\fsform.m --> deniz.ims.metu.edu.tr /disk3/users/gregg/toolbox/masteringmatlab fsform.m
97.10.22 11:18 A D:\mymatlab\toolbox\masteringmatlab\fsharm.m --> deniz.ims.metu.edu.tr /disk3/users/gregg/toolbox/masteringmatlab fsharm.m
97.10.22 11:18 A D:\mymatlab\toolbox\masteringmatlab\fsmsv.m --> deniz.ims.metu.edu.tr /disk3/users/gregg/toolbox/masteringmatlab fsmsv.m
97.10.22 11:18 A D:\mymatlab\toolbox\masteringmatlab\fsresize.m --> deniz.ims.metu.edu.tr /disk3/users/gregg/toolbox/masteringmatlab fsresize.m
97.10.22 11:18 A D:\mymatlab\toolbox\masteringmatlab\fsresp.m --> deniz.ims.metu.edu.tr /disk3/users/gregg/toolbox/masteringmatlab fsresp.m
97.10.22 11:18 A D:\mymatlab\toolbox\masteringmatlab\fsround.m --> deniz.ims.metu.edu.tr /disk3/users/gregg/toolbox/masteringmatlab fsround.m
97.10.22 11:18 A D:\mymatlab\toolbox\masteringmatlab\fswindow.m --> deniz.ims.metu.edu.tr /disk3/users/gregg/toolbox/masteringmatlab fswindow.m
97.10.22 11:18 A D:\mymatlab\toolbox\masteringmatlab\iforgot.m --> deniz.ims.metu.edu.tr /disk3/users/gregg/toolbox/masteringmatlab iforgot.m
97.10.22 11:18 A D:\mymatlab\toolbox\masteringmatlab\mm4d.m --> deniz.ims.metu.edu.tr /disk3/users/gregg/toolbox/masteringmatlab mm4d.m
97.10.22 11:18 A D:\mymatlab\toolbox\masteringmatlab\mmap.m --> deniz.ims.metu.edu.tr /disk3/users/gregg/toolbox/masteringmatlab mmap.m
97.10.22 11:18 A D:\mymatlab\toolbox\masteringmatlab\mmax.m --> deniz.ims.metu.edu.tr /disk3/users/gregg/toolbox/masteringmatlab mmax.m
97.10.22 11:18 A D:\mymatlab\toolbox\masteringmatlab\mmaxes.m --> deniz.ims.metu.edu.tr /disk3/users/gregg/toolbox/masteringmatlab mmaxes.m
97.10.22 11:18 A D:\mymatlab\toolbox\masteringmatlab\mmbox.m --> deniz.ims.metu.edu.tr /disk3/users/gregg/toolbox/masteringmatlab mmbox.m
97.10.22 11:18 A D:\mymatlab\toolbox\masteringmatlab\mmcaxisd.m --> deniz.ims.metu.edu.tr /disk3/users/gregg/toolbox/masteringmatlab mmcaxisd.m
97.10.22 11:18 A D:\mymatlab\toolbox\masteringmatlab\mmclock.m --> deniz.ims.metu.edu.tr /disk3/users/gregg/toolbox/masteringmatlab mmclock.m
97.10.22 11:18 A D:\mymatlab\toolbox\masteringmatlab\mmcmapd.m --> deniz.ims.metu.edu.tr /disk3/users/gregg/toolbox/masteringmatlab mmcmapd.m
97.10.22 11:18 A D:\mymatlab\toolbox\masteringmatlab\mmcont2.m --> deniz.ims.metu.edu.tr /disk3/users/gregg/toolbox/masteringmatlab mmcont2.m
97.10.22 11:18 A D:\mymatlab\toolbox\masteringmatlab\mmcont3.m --> deniz.ims.metu.edu.tr /disk3/users/gregg/toolbox/masteringmatlab mmcont3.m
97.10.22 11:18 A D:\mymatlab\toolbox\masteringmatlab\mmctl1.m --> deniz.ims.metu.edu.tr /disk3/users/gregg/toolbox/masteringmatlab mmctl1.m
97.10.22 11:18 A D:\mymatlab\toolbox\masteringmatlab\mmctl2.m --> deniz.ims.metu.edu.tr /disk3/users/gregg/toolbox/masteringmatlab mmctl2.m
97.10.22 11:18 A D:\mymatlab\toolbox\masteringmatlab\mmctl3.m --> deniz.ims.metu.edu.tr /disk3/users/gregg/toolbox/masteringmatlab mmctl3.m
97.10.22 11:18 A D:\mymatlab\toolbox\masteringmatlab\mmctl4.m --> deniz.ims.metu.edu.tr /disk3/users/gregg/toolbox/masteringmatlab mmctl4.m
97.10.22 11:18 A D:\mymatlab\toolbox\masteringmatlab\mmctl5.m --> deniz.ims.metu.edu.tr /disk3/users/gregg/toolbox/masteringmatlab mmctl5.m
97.10.22 11:18 A D:\mymatlab\toolbox\masteringmatlab\mmctl6.m --> deniz.ims.metu.edu.tr /disk3/users/gregg/toolbox/masteringmatlab mmctl6.m
97.10.22 11:18 A D:\mymatlab\toolbox\masteringmatlab\mmctl7.m --> deniz.ims.metu.edu.tr /disk3/users/gregg/toolbox/masteringmatlab mmctl7.m
97.10.22 11:18 A D:\mymatlab\toolbox\masteringmatlab\mmctl8.m --> deniz.ims.metu.edu.tr /disk3/users/gregg/toolbox/masteringmatlab mmctl8.m
97.10.22 11:18 A D:\mymatlab\toolbox\masteringmatlab\mmcxy.m --> deniz.ims.metu.edu.tr /disk3/users/gregg/toolbox/masteringmatlab mmcxy.m
97.10.22 11:18 A D:\mymatlab\toolbox\masteringmatlab\mmderiv.m --> deniz.ims.metu.edu.tr /disk3/users/gregg/toolbox/masteringmatlab mmderiv.m
97.10.22 11:18 A D:\mymatlab\toolbox\masteringmatlab\mmdraw.m --> deniz.ims.metu.edu.tr /disk3/users/gregg/toolbox/masteringmatlab mmdraw.m
97.10.22 11:18 A D:\mymatlab\toolbox\masteringmatlab\mmenu1.m --> deniz.ims.metu.edu.tr /disk3/users/gregg/toolbox/masteringmatlab mmenu1.m
97.10.22 11:18 A D:\mymatlab\toolbox\masteringmatlab\mmenu2.m --> deniz.ims.metu.edu.tr /disk3/users/gregg/toolbox/masteringmatlab mmenu2.m
97.10.22 11:18 A D:\mymatlab\toolbox\masteringmatlab\mmenu3.m --> deniz.ims.metu.edu.tr /disk3/users/gregg/toolbox/masteringmatlab mmenu3.m
97.10.22 11:18 A D:\mymatlab\toolbox\masteringmatlab\mmenu4.m --> deniz.ims.metu.edu.tr /disk3/users/gregg/toolbox/masteringmatlab mmenu4.m
97.10.22 11:18 A D:\mymatlab\toolbox\masteringmatlab\mmenu5.m --> deniz.ims.metu.edu.tr /disk3/users/gregg/toolbox/masteringmatlab mmenu5.m
97.10.22 11:18 A D:\mymatlab\toolbox\masteringmatlab\mmenus.m --> deniz.ims.metu.edu.tr /disk3/users/gregg/toolbox/masteringmatlab mmenus.m
97.10.22 11:18 A D:\mymatlab\toolbox\masteringmatlab\mmfill.m --> deniz.ims.metu.edu.tr /disk3/users/gregg/toolbox/masteringmatlab mmfill.m
97.10.22 11:18 A D:\mymatlab\toolbox\masteringmatlab\mmfind.m --> deniz.ims.metu.edu.tr /disk3/users/gregg/toolbox/masteringmatlab mmfind.m
97.10.22 11:18 A D:\mymatlab\toolbox\masteringmatlab\mmfont.m --> deniz.ims.metu.edu.tr /disk3/users/gregg/toolbox/masteringmatlab mmfont.m
97.10.22 11:18 A D:\mymatlab\toolbox\masteringmatlab\mmgca.m --> deniz.ims.metu.edu.tr /disk3/users/gregg/toolbox/masteringmatlab mmgca.m
97.10.22 11:18 A D:\mymatlab\toolbox\masteringmatlab\mmgcf.m --> deniz.ims.metu.edu.tr /disk3/users/gregg/toolbox/masteringmatlab mmgcf.m
97.10.22 11:18 A D:\mymatlab\toolbox\masteringmatlab\mmgetxy.m --> deniz.ims.metu.edu.tr /disk3/users/gregg/toolbox/masteringmatlab mmgetxy.m
97.10.22 11:18 A D:\mymatlab\toolbox\masteringmatlab\mmhole.m --> deniz.ims.metu.edu.tr /disk3/users/gregg/toolbox/masteringmatlab mmhole.m
97.10.22 11:18 A D:\mymatlab\toolbox\masteringmatlab\mmin.m --> deniz.ims.metu.edu.tr /disk3/users/gregg/toolbox/masteringmatlab mmin.m
97.10.22 11:18 A D:\mymatlab\toolbox\masteringmatlab\mminterp.m --> deniz.ims.metu.edu.tr /disk3/users/gregg/toolbox/masteringmatlab mminterp.m
97.10.22 11:18 A D:\mymatlab\toolbox\masteringmatlab\mmintgrl.m --> deniz.ims.metu.edu.tr /disk3/users/gregg/toolbox/masteringmatlab mmintgrl.m
97.10.22 11:18 A D:\mymatlab\toolbox\masteringmatlab\mmline.m --> deniz.ims.metu.edu.tr /disk3/users/gregg/toolbox/masteringmatlab mmline.m
97.10.22 11:18 A D:\mymatlab\toolbox\masteringmatlab\mmn2px.m --> deniz.ims.metu.edu.tr /disk3/users/gregg/toolbox/masteringmatlab mmn2px.m
97.10.22 11:18 A D:\mymatlab\toolbox\masteringmatlab\mmono.m --> deniz.ims.metu.edu.tr /disk3/users/gregg/toolbox/masteringmatlab mmono.m
97.10.22 11:18 A D:\mymatlab\toolbox\masteringmatlab\mmp2str.m --> deniz.ims.metu.edu.tr /disk3/users/gregg/toolbox/masteringmatlab mmp2str.m
97.10.22 11:18 A D:\mymatlab\toolbox\masteringmatlab\mmpadd.m --> deniz.ims.metu.edu.tr /disk3/users/gregg/toolbox/masteringmatlab mmpadd.m
97.10.22 11:18 A D:\mymatlab\toolbox\masteringmatlab\mmpage.m --> deniz.ims.metu.edu.tr /disk3/users/gregg/toolbox/masteringmatlab mmpage.m
97.10.22 11:18 A D:\mymatlab\toolbox\masteringmatlab\mmpaper.m --> deniz.ims.metu.edu.tr /disk3/users/gregg/toolbox/masteringmatlab mmpaper.m
97.10.22 11:18 A D:\mymatlab\toolbox\masteringmatlab\mmpsim.m --> deniz.ims.metu.edu.tr /disk3/users/gregg/toolbox/masteringmatlab mmpsim.m
97.10.22 11:18 A D:\mymatlab\toolbox\masteringmatlab\mmpx2n.m --> deniz.ims.metu.edu.tr /disk3/users/gregg/toolbox/masteringmatlab mmpx2n.m
97.10.22 11:18 A D:\mymatlab\toolbox\masteringmatlab\mmsetc.m --> deniz.ims.metu.edu.tr /disk3/users/gregg/toolbox/masteringmatlab mmsetc.m
97.10.22 11:18 A D:\mymatlab\toolbox\masteringmatlab\mmsetclr.m --> deniz.ims.metu.edu.tr /disk3/users/gregg/toolbox/masteringmatlab mmsetclr.m
97.10.22 11:18 A D:\mymatlab\toolbox\masteringmatlab\mmsetf.m --> deniz.ims.metu.edu.tr /disk3/users/gregg/toolbox/masteringmatlab mmsetf.m
97.10.22 11:18 A D:\mymatlab\toolbox\masteringmatlab\mmshow.m --> deniz.ims.metu.edu.tr /disk3/users/gregg/toolbox/masteringmatlab mmshow.m
97.10.22 11:18 A D:\mymatlab\toolbox\masteringmatlab\mmspin3d.m --> deniz.ims.metu.edu.tr /disk3/users/gregg/toolbox/masteringmatlab mmspin3d.m
97.10.22 11:18 A D:\mymatlab\toolbox\masteringmatlab\mmtable.m --> deniz.ims.metu.edu.tr /disk3/users/gregg/toolbox/masteringmatlab mmtable.m
97.10.22 11:18 A D:\mymatlab\toolbox\masteringmatlab\mmtemp.m --> deniz.ims.metu.edu.tr /disk3/users/gregg/toolbox/masteringmatlab mmtemp.m
97.10.22 11:18 A D:\mymatlab\toolbox\masteringmatlab\mmtext.m --> deniz.ims.metu.edu.tr /disk3/users/gregg/toolbox/masteringmatlab mmtext.m
97.10.22 11:18 A D:\mymatlab\toolbox\masteringmatlab\mmtile.m --> deniz.ims.metu.edu.tr /disk3/users/gregg/toolbox/masteringmatlab mmtile.m
97.10.22 11:18 A D:\mymatlab\toolbox\masteringmatlab\mmtool.m --> deniz.ims.metu.edu.tr /disk3/users/gregg/toolbox/masteringmatlab mmtool.m
97.10.22 11:18 A D:\mymatlab\toolbox\masteringmatlab\mmview3d.m --> deniz.ims.metu.edu.tr /disk3/users/gregg/toolbox/masteringmatlab mmview3d.m
97.10.22 11:18 A D:\mymatlab\toolbox\masteringmatlab\mmzap.m --> deniz.ims.metu.edu.tr /disk3/users/gregg/toolbox/masteringmatlab mmzap.m
97.10.22 11:18 A D:\mymatlab\toolbox\masteringmatlab\mmzoom.m --> deniz.ims.metu.edu.tr /disk3/users/gregg/toolbox/masteringmatlab mmzoom.m
97.10.22 11:18 A D:\mymatlab\toolbox\masteringmatlab\rainbow.m --> deniz.ims.metu.edu.tr /disk3/users/gregg/toolbox/masteringmatlab rainbow.m
97.10.22 11:18 A D:\mymatlab\toolbox\masteringmatlab\readme.m --> deniz.ims.metu.edu.tr /disk3/users/gregg/toolbox/masteringmatlab readme.m
97.10.22 11:18 A D:\mymatlab\toolbox\masteringmatlab\sawtooth.m --> deniz.ims.metu.edu.tr /disk3/users/gregg/toolbox/masteringmatlab sawtooth.m
97.10.22 11:18 A D:\mymatlab\toolbox\masteringmatlab\shiftlr.m --> deniz.ims.metu.edu.tr /disk3/users/gregg/toolbox/masteringmatlab shiftlr.m
97.10.22 11:18 A D:\mymatlab\toolbox\masteringmatlab\shiftud.m --> deniz.ims.metu.edu.tr /disk3/users/gregg/toolbox/masteringmatlab shiftud.m
97.10.22 11:18 A D:\mymatlab\toolbox\masteringmatlab\spderiv.m --> deniz.ims.metu.edu.tr /disk3/users/gregg/toolbox/masteringmatlab spderiv.m
97.10.22 11:18 A D:\mymatlab\toolbox\masteringmatlab\spintgrl.m --> deniz.ims.metu.edu.tr /disk3/users/gregg/toolbox/masteringmatlab spintgrl.m
97.10.22 11:18 A D:\mymatlab\toolbox\masteringmatlab\vdpol.m --> deniz.ims.metu.edu.tr /disk3/users/gregg/toolbox/masteringmatlab vdpol.m
97.10.22 11:18 B D:\mymatlab\toolbox\masteringmatlab\WS_FTP.LOG --> deniz.ims.metu.edu.tr /disk3/users/gregg/toolbox/masteringmatlab WS_FTP.LOG
