97.08.01 16:32 B D:\aamymatlab\mmp\calibration\batchprocess\a1_1_mmp.m <-- europa /europaHD/aamymatlab/mmp/calibration/batchprocess/ a1_1_mmp.m
97.08.01 16:32 B D:\aamymatlab\mmp\calibration\batchprocess\a2_1_mmp.m <-- europa /europaHD/aamymatlab/mmp/calibration/batchprocess/ a2_1_mmp.m
97.08.01 16:32 B D:\aamymatlab\mmp\calibration\batchprocess\ac1_mmp.m <-- europa /europaHD/aamymatlab/mmp/calibration/batchprocess/ ac1_mmp.m
97.08.01 16:32 B D:\aamymatlab\mmp\calibration\batchprocess\accel1_mmp.m <-- europa /europaHD/aamymatlab/mmp/calibration/batchprocess/ accel1_mmp.m
97.08.01 16:32 B D:\aamymatlab\mmp\calibration\batchprocess\accel2_mmp.m <-- europa /europaHD/aamymatlab/mmp/calibration/batchprocess/ accel2_mmp.m
97.08.01 16:32 B D:\aamymatlab\mmp\calibration\batchprocess\atod1_mmp.m <-- europa /europaHD/aamymatlab/mmp/calibration/batchprocess/ atod1_mmp.m
97.08.01 16:32 B D:\aamymatlab\mmp\calibration\batchprocess\beta_t1_1_mmp.m <-- europa /europaHD/aamymatlab/mmp/calibration/batchprocess/ beta_t1_1_mmp.m
97.08.01 16:33 B D:\aamymatlab\mmp\calibration\batchprocess\beta_t2_1_mmp.m <-- europa /europaHD/aamymatlab/mmp/calibration/batchprocess/ beta_t2_1_mmp.m
97.08.01 16:33 B D:\aamymatlab\mmp\calibration\batchprocess\beta_t3_1_mmp.m <-- europa /europaHD/aamymatlab/mmp/calibration/batchprocess/ beta_t3_1_mmp.m
97.08.01 16:33 B D:\aamymatlab\mmp\calibration\batchprocess\beta_t4_1_mmp.m <-- europa /europaHD/aamymatlab/mmp/calibration/batchprocess/ beta_t4_1_mmp.m
97.08.01 16:33 B D:\aamymatlab\mmp\calibration\batchprocess\beta_t5_1_mmp.m <-- europa /europaHD/aamymatlab/mmp/calibration/batchprocess/ beta_t5_1_mmp.m
97.08.01 16:33 B D:\aamymatlab\mmp\calibration\batchprocess\beta_t6_1_mmp.m <-- europa /europaHD/aamymatlab/mmp/calibration/batchprocess/ beta_t6_1_mmp.m
97.08.01 16:33 B D:\aamymatlab\mmp\calibration\batchprocess\beta_thcircuit1_mmp.m <-- europa /europaHD/aamymatlab/mmp/calibration/batchprocess/ beta_thcircuit1_mmp.m
97.08.01 16:33 B D:\aamymatlab\mmp\calibration\batchprocess\byteoffsets_mmp.m <-- europa /europaHD/aamymatlab/mmp/calibration/batchprocess/ byteoffsets_mmp.m
97.08.01 16:33 B D:\aamymatlab\mmp\calibration\batchprocess\csbe1_mmp%.m <-- europa /europaHD/aamymatlab/mmp/calibration/batchprocess/ csbe1_mmp%.m
97.08.01 16:33 B D:\aamymatlab\mmp\calibration\batchprocess\csbe1_mmp.m <-- europa /europaHD/aamymatlab/mmp/calibration/batchprocess/ csbe1_mmp.m
97.08.01 16:33 B D:\aamymatlab\mmp\calibration\batchprocess\csbe2_mmp.m <-- europa /europaHD/aamymatlab/mmp/calibration/batchprocess/ csbe2_mmp.m
97.08.01 16:33 B D:\aamymatlab\mmp\calibration\batchprocess\droplist.mat <-- europa /europaHD/aamymatlab/mmp/calibration/batchprocess/ droplist.mat
97.08.01 16:33 B D:\aamymatlab\mmp\calibration\batchprocess\eps1_mmp%.m <-- europa /europaHD/aamymatlab/mmp/calibration/batchprocess/ eps1_mmp%.m
97.08.01 16:33 B D:\aamymatlab\mmp\calibration\batchprocess\eps1_mmp.m <-- europa /europaHD/aamymatlab/mmp/calibration/batchprocess/ eps1_mmp.m
97.08.01 16:33 B D:\aamymatlab\mmp\calibration\batchprocess\eps2_mmp.m <-- europa /europaHD/aamymatlab/mmp/calibration/batchprocess/ eps2_mmp.m
97.08.01 16:33 B D:\aamymatlab\mmp\calibration\batchprocess\eps2_polyfit.mat <-- europa /europaHD/aamymatlab/mmp/calibration/batchprocess/ eps2_polyfit.mat
97.08.01 16:33 B D:\aamymatlab\mmp\calibration\batchprocess\eps3_mmp.m <-- europa /europaHD/aamymatlab/mmp/calibration/batchprocess/ eps3_mmp.m
97.08.01 16:33 B D:\aamymatlab\mmp\calibration\batchprocess\epsilon2_correct.m <-- europa /europaHD/aamymatlab/mmp/calibration/batchprocess/ epsilon2_correct.m
97.08.01 16:33 B D:\aamymatlab\mmp\calibration\batchprocess\get_thetasd1_mmp.m <-- europa /europaHD/aamymatlab/mmp/calibration/batchprocess/ get_thetasd1_mmp.m
97.08.01 16:33 B D:\aamymatlab\mmp\calibration\batchprocess\get_thetasd2_mmp.m <-- europa /europaHD/aamymatlab/mmp/calibration/batchprocess/ get_thetasd2_mmp.m
97.08.01 16:33 B D:\aamymatlab\mmp\calibration\batchprocess\hTch_mmp.m <-- europa /europaHD/aamymatlab/mmp/calibration/batchprocess/ hTch_mmp.m
97.08.01 16:33 B D:\aamymatlab\mmp\calibration\batchprocess\kvh1_mmp.m <-- europa /europaHD/aamymatlab/mmp/calibration/batchprocess/ kvh1_mmp.m
97.08.01 16:33 B D:\aamymatlab\mmp\calibration\batchprocess\obs1_mmp.m <-- europa /europaHD/aamymatlab/mmp/calibration/batchprocess/ obs1_mmp.m
97.08.01 16:33 B D:\aamymatlab\mmp\calibration\batchprocess\obs2_mmp.m <-- europa /europaHD/aamymatlab/mmp/calibration/batchprocess/ obs2_mmp.m
97.08.01 16:33 B D:\aamymatlab\mmp\calibration\batchprocess\Pafnoise.mat <-- europa /europaHD/aamymatlab/mmp/calibration/batchprocess/ Pafnoise.mat
97.08.01 16:33 B D:\aamymatlab\mmp\calibration\batchprocess\pr1_mmp.m <-- europa /europaHD/aamymatlab/mmp/calibration/batchprocess/ pr1_mmp.m
97.08.01 16:33 B D:\aamymatlab\mmp\calibration\batchprocess\pr1_mmp1.m <-- europa /europaHD/aamymatlab/mmp/calibration/batchprocess/ pr1_mmp1.m
97.08.01 16:33 B D:\aamymatlab\mmp\calibration\batchprocess\pr1a_mmp.m <-- europa /europaHD/aamymatlab/mmp/calibration/batchprocess/ pr1a_mmp.m
97.08.01 16:33 B D:\aamymatlab\mmp\calibration\batchprocess\pr2_mmp.m <-- europa /europaHD/aamymatlab/mmp/calibration/batchprocess/ pr2_mmp.m
97.08.01 16:33 B D:\aamymatlab\mmp\calibration\batchprocess\pr3_mmp.m <-- europa /europaHD/aamymatlab/mmp/calibration/batchprocess/ pr3_mmp.m
97.08.01 16:33 B D:\aamymatlab\mmp\calibration\batchprocess\salinity1_mmp.m <-- europa /europaHD/aamymatlab/mmp/calibration/batchprocess/ salinity1_mmp.m
97.08.01 16:33 B D:\aamymatlab\mmp\calibration\batchprocess\salinity2_mmp.m <-- europa /europaHD/aamymatlab/mmp/calibration/batchprocess/ salinity2_mmp.m
97.08.01 16:33 B D:\aamymatlab\mmp\calibration\batchprocess\t1_1.m <-- europa /europaHD/aamymatlab/mmp/calibration/batchprocess/ t1_1.m
97.08.01 16:33 B D:\aamymatlab\mmp\calibration\batchprocess\t2_1.m <-- europa /europaHD/aamymatlab/mmp/calibration/batchprocess/ t2_1.m
97.08.01 16:33 B D:\aamymatlab\mmp\calibration\batchprocess\t5_1.m <-- europa /europaHD/aamymatlab/mmp/calibration/batchprocess/ t5_1.m
97.08.01 16:33 B D:\aamymatlab\mmp\calibration\batchprocess\t6_1.m <-- europa /europaHD/aamymatlab/mmp/calibration/batchprocess/ t6_1.m
97.08.01 16:33 B D:\aamymatlab\mmp\calibration\batchprocess\tempsbe.m <-- europa /europaHD/aamymatlab/mmp/calibration/batchprocess/ tempsbe.m
97.08.01 16:33 B D:\aamymatlab\mmp\calibration\batchprocess\test_eps1_mmp.m <-- europa /europaHD/aamymatlab/mmp/calibration/batchprocess/ test_eps1_mmp.m
97.08.01 16:33 B D:\aamymatlab\mmp\calibration\batchprocess\test_eps3_mmp.m <-- europa /europaHD/aamymatlab/mmp/calibration/batchprocess/ test_eps3_mmp.m
97.08.01 16:34 B D:\aamymatlab\mmp\calibration\batchprocess\thcut1_t1_1_mmp.m <-- europa /europaHD/aamymatlab/mmp/calibration/batchprocess/ thcut1_t1_1_mmp.m
97.08.01 16:34 B D:\aamymatlab\mmp\calibration\batchprocess\thcut1_t2_1_mmp.m <-- europa /europaHD/aamymatlab/mmp/calibration/batchprocess/ thcut1_t2_1_mmp.m
97.08.01 16:34 B D:\aamymatlab\mmp\calibration\batchprocess\thcut1_t3_1_mmp.m <-- europa /europaHD/aamymatlab/mmp/calibration/batchprocess/ thcut1_t3_1_mmp.m
97.08.01 16:34 B D:\aamymatlab\mmp\calibration\batchprocess\thcut1_t4_1_mmp.m <-- europa /europaHD/aamymatlab/mmp/calibration/batchprocess/ thcut1_t4_1_mmp.m
97.08.01 16:34 B D:\aamymatlab\mmp\calibration\batchprocess\thcut1_t5_1_mmp.m <-- europa /europaHD/aamymatlab/mmp/calibration/batchprocess/ thcut1_t5_1_mmp.m
97.08.01 16:34 B D:\aamymatlab\mmp\calibration\batchprocess\thcut1_t6_1_mmp.m <-- europa /europaHD/aamymatlab/mmp/calibration/batchprocess/ thcut1_t6_1_mmp.m
97.08.01 16:34 B D:\aamymatlab\mmp\calibration\batchprocess\tl1_polyval_mmp.m <-- europa /europaHD/aamymatlab/mmp/calibration/batchprocess/ tl1_polyval_mmp.m
97.08.01 16:34 B D:\aamymatlab\mmp\calibration\batchprocess\tl_polyval_mmp.m <-- europa /europaHD/aamymatlab/mmp/calibration/batchprocess/ tl_polyval_mmp.m
97.08.01 16:34 B D:\aamymatlab\mmp\calibration\batchprocess\tsbe1_mmp%.m <-- europa /europaHD/aamymatlab/mmp/calibration/batchprocess/ tsbe1_mmp%.m
97.08.01 16:34 B D:\aamymatlab\mmp\calibration\batchprocess\tsbe1_mmp.m <-- europa /europaHD/aamymatlab/mmp/calibration/batchprocess/ tsbe1_mmp.m
97.08.01 16:34 B D:\aamymatlab\mmp\calibration\batchprocess\vac1_mmp.m <-- europa /europaHD/aamymatlab/mmp/calibration/batchprocess/ vac1_mmp.m
97.08.01 16:34 B D:\aamymatlab\mmp\calibration\batchprocess\yday116.mat <-- europa /europaHD/aamymatlab/mmp/calibration/batchprocess/ yday116.mat
97.08.01 16:34 B D:\aamymatlab\mmp\calibration\batchprocess\yday116b.mat <-- europa /europaHD/aamymatlab/mmp/calibration/batchprocess/ yday116b.mat
97.08.10 05:13 A D:\mymatlab\mmp\calibration\batchprocess\a1_1_mmp.m <-- europa /europaHD/mymatlab/mmp/calibration/batchprocess/ a1_1_mmp.m
97.08.10 05:13 A D:\mymatlab\mmp\calibration\batchprocess\a2_1_mmp.m <-- europa /europaHD/mymatlab/mmp/calibration/batchprocess/ a2_1_mmp.m
97.08.10 05:13 A D:\mymatlab\mmp\calibration\batchprocess\ac1_mmp.m <-- europa /europaHD/mymatlab/mmp/calibration/batchprocess/ ac1_mmp.m
97.08.10 05:13 A D:\mymatlab\mmp\calibration\batchprocess\accel1_mmp.m <-- europa /europaHD/mymatlab/mmp/calibration/batchprocess/ accel1_mmp.m
97.08.10 05:13 A D:\mymatlab\mmp\calibration\batchprocess\accel2_mmp.m <-- europa /europaHD/mymatlab/mmp/calibration/batchprocess/ accel2_mmp.m
97.08.10 05:13 A D:\mymatlab\mmp\calibration\batchprocess\atod1_mmp.m <-- europa /europaHD/mymatlab/mmp/calibration/batchprocess/ atod1_mmp.m
97.08.10 05:13 A D:\mymatlab\mmp\calibration\batchprocess\beta_t1_1_mmp.m <-- europa /europaHD/mymatlab/mmp/calibration/batchprocess/ beta_t1_1_mmp.m
97.08.10 05:14 A D:\mymatlab\mmp\calibration\batchprocess\beta_t2_1_mmp.m <-- europa /europaHD/mymatlab/mmp/calibration/batchprocess/ beta_t2_1_mmp.m
97.08.10 05:14 A D:\mymatlab\mmp\calibration\batchprocess\beta_t3_1_mmp.m <-- europa /europaHD/mymatlab/mmp/calibration/batchprocess/ beta_t3_1_mmp.m
97.08.10 05:14 A D:\mymatlab\mmp\calibration\batchprocess\beta_t4_1_mmp.m <-- europa /europaHD/mymatlab/mmp/calibration/batchprocess/ beta_t4_1_mmp.m
97.08.10 05:14 A D:\mymatlab\mmp\calibration\batchprocess\beta_t5_1_mmp.m <-- europa /europaHD/mymatlab/mmp/calibration/batchprocess/ beta_t5_1_mmp.m
97.08.10 05:14 A D:\mymatlab\mmp\calibration\batchprocess\beta_t6_1_mmp.m <-- europa /europaHD/mymatlab/mmp/calibration/batchprocess/ beta_t6_1_mmp.m
97.08.10 05:14 A D:\mymatlab\mmp\calibration\batchprocess\beta_thcircuit1_mmp.m <-- europa /europaHD/mymatlab/mmp/calibration/batchprocess/ beta_thcircuit1_mmp.m
97.08.10 05:14 A D:\mymatlab\mmp\calibration\batchprocess\byteoffsets_mmp.m <-- europa /europaHD/mymatlab/mmp/calibration/batchprocess/ byteoffsets_mmp.m
97.08.10 05:14 A D:\mymatlab\mmp\calibration\batchprocess\csbe1_mmp%.m <-- europa /europaHD/mymatlab/mmp/calibration/batchprocess/ csbe1_mmp%.m
97.08.10 05:14 A D:\mymatlab\mmp\calibration\batchprocess\csbe1_mmp.m <-- europa /europaHD/mymatlab/mmp/calibration/batchprocess/ csbe1_mmp.m
97.08.10 05:14 A D:\mymatlab\mmp\calibration\batchprocess\csbe2_mmp.m <-- europa /europaHD/mymatlab/mmp/calibration/batchprocess/ csbe2_mmp.m
97.08.10 05:14 A D:\mymatlab\mmp\calibration\batchprocess\droplist.mat <-- europa /europaHD/mymatlab/mmp/calibration/batchprocess/ droplist.mat
97.08.10 05:14 A D:\mymatlab\mmp\calibration\batchprocess\eps1_mmp%.m <-- europa /europaHD/mymatlab/mmp/calibration/batchprocess/ eps1_mmp%.m
97.08.10 05:14 A D:\mymatlab\mmp\calibration\batchprocess\eps1_mmp.m <-- europa /europaHD/mymatlab/mmp/calibration/batchprocess/ eps1_mmp.m
97.08.10 05:14 A D:\mymatlab\mmp\calibration\batchprocess\eps2_mmp.m <-- europa /europaHD/mymatlab/mmp/calibration/batchprocess/ eps2_mmp.m
97.08.10 05:14 A D:\mymatlab\mmp\calibration\batchprocess\eps2_polyfit.mat <-- europa /europaHD/mymatlab/mmp/calibration/batchprocess/ eps2_polyfit.mat
97.08.10 05:15 A D:\mymatlab\mmp\calibration\batchprocess\eps3_mmp.m <-- europa /europaHD/mymatlab/mmp/calibration/batchprocess/ eps3_mmp.m
97.08.10 05:15 A D:\mymatlab\mmp\calibration\batchprocess\epsilon2_correct.m <-- europa /europaHD/mymatlab/mmp/calibration/batchprocess/ epsilon2_correct.m
97.08.10 05:15 A D:\mymatlab\mmp\calibration\batchprocess\get_thetasd1_mmp.m <-- europa /europaHD/mymatlab/mmp/calibration/batchprocess/ get_thetasd1_mmp.m
97.08.10 05:15 A D:\mymatlab\mmp\calibration\batchprocess\get_thetasd2_mmp.m <-- europa /europaHD/mymatlab/mmp/calibration/batchprocess/ get_thetasd2_mmp.m
97.08.10 05:15 A D:\mymatlab\mmp\calibration\batchprocess\hTch_mmp.m <-- europa /europaHD/mymatlab/mmp/calibration/batchprocess/ hTch_mmp.m
97.08.10 05:15 A D:\mymatlab\mmp\calibration\batchprocess\kvh1_mmp.m <-- europa /europaHD/mymatlab/mmp/calibration/batchprocess/ kvh1_mmp.m
97.08.10 05:15 A D:\mymatlab\mmp\calibration\batchprocess\obs1_mmp.m <-- europa /europaHD/mymatlab/mmp/calibration/batchprocess/ obs1_mmp.m
97.08.10 05:15 A D:\mymatlab\mmp\calibration\batchprocess\obs2_mmp.m <-- europa /europaHD/mymatlab/mmp/calibration/batchprocess/ obs2_mmp.m
97.08.10 05:15 A D:\mymatlab\mmp\calibration\batchprocess\Pafnoise.mat <-- europa /europaHD/mymatlab/mmp/calibration/batchprocess/ Pafnoise.mat
97.08.10 05:15 A D:\mymatlab\mmp\calibration\batchprocess\pr1_mmp.m <-- europa /europaHD/mymatlab/mmp/calibration/batchprocess/ pr1_mmp.m
97.08.10 05:15 A D:\mymatlab\mmp\calibration\batchprocess\pr1_mmp1.m <-- europa /europaHD/mymatlab/mmp/calibration/batchprocess/ pr1_mmp1.m
97.08.10 05:15 A D:\mymatlab\mmp\calibration\batchprocess\pr1a_mmp.m <-- europa /europaHD/mymatlab/mmp/calibration/batchprocess/ pr1a_mmp.m
97.08.10 05:15 A D:\mymatlab\mmp\calibration\batchprocess\pr2_mmp.m <-- europa /europaHD/mymatlab/mmp/calibration/batchprocess/ pr2_mmp.m
97.08.10 05:15 A D:\mymatlab\mmp\calibration\batchprocess\pr3_mmp.m <-- europa /europaHD/mymatlab/mmp/calibration/batchprocess/ pr3_mmp.m
97.08.10 05:15 A D:\mymatlab\mmp\calibration\batchprocess\salinity1_mmp.m <-- europa /europaHD/mymatlab/mmp/calibration/batchprocess/ salinity1_mmp.m
97.08.10 05:16 A D:\mymatlab\mmp\calibration\batchprocess\salinity2_mmp.m <-- europa /europaHD/mymatlab/mmp/calibration/batchprocess/ salinity2_mmp.m
97.08.10 05:16 A D:\mymatlab\mmp\calibration\batchprocess\t1_1.m <-- europa /europaHD/mymatlab/mmp/calibration/batchprocess/ t1_1.m
97.08.10 05:16 A D:\mymatlab\mmp\calibration\batchprocess\t2_1.m <-- europa /europaHD/mymatlab/mmp/calibration/batchprocess/ t2_1.m
97.08.10 05:16 A D:\mymatlab\mmp\calibration\batchprocess\t5_1.m <-- europa /europaHD/mymatlab/mmp/calibration/batchprocess/ t5_1.m
97.08.10 05:16 A D:\mymatlab\mmp\calibration\batchprocess\t6_1.m <-- europa /europaHD/mymatlab/mmp/calibration/batchprocess/ t6_1.m
97.08.10 05:16 A D:\mymatlab\mmp\calibration\batchprocess\tempsbe.m <-- europa /europaHD/mymatlab/mmp/calibration/batchprocess/ tempsbe.m
97.08.10 05:16 A D:\mymatlab\mmp\calibration\batchprocess\test_eps1_mmp.m <-- europa /europaHD/mymatlab/mmp/calibration/batchprocess/ test_eps1_mmp.m
97.08.10 05:16 A D:\mymatlab\mmp\calibration\batchprocess\test_eps3_mmp.m <-- europa /europaHD/mymatlab/mmp/calibration/batchprocess/ test_eps3_mmp.m
97.08.10 05:16 A D:\mymatlab\mmp\calibration\batchprocess\thcut1_t1_1_mmp.m <-- europa /europaHD/mymatlab/mmp/calibration/batchprocess/ thcut1_t1_1_mmp.m
97.08.10 05:16 A D:\mymatlab\mmp\calibration\batchprocess\thcut1_t2_1_mmp.m <-- europa /europaHD/mymatlab/mmp/calibration/batchprocess/ thcut1_t2_1_mmp.m
97.08.10 05:16 A D:\mymatlab\mmp\calibration\batchprocess\thcut1_t3_1_mmp.m <-- europa /europaHD/mymatlab/mmp/calibration/batchprocess/ thcut1_t3_1_mmp.m
97.08.10 05:16 A D:\mymatlab\mmp\calibration\batchprocess\thcut1_t4_1_mmp.m <-- europa /europaHD/mymatlab/mmp/calibration/batchprocess/ thcut1_t4_1_mmp.m
97.08.10 05:16 A D:\mymatlab\mmp\calibration\batchprocess\thcut1_t5_1_mmp.m <-- europa /europaHD/mymatlab/mmp/calibration/batchprocess/ thcut1_t5_1_mmp.m
97.08.10 05:16 A D:\mymatlab\mmp\calibration\batchprocess\thcut1_t6_1_mmp.m <-- europa /europaHD/mymatlab/mmp/calibration/batchprocess/ thcut1_t6_1_mmp.m
97.08.10 05:16 A D:\mymatlab\mmp\calibration\batchprocess\tl1_polyval_mmp.m <-- europa /europaHD/mymatlab/mmp/calibration/batchprocess/ tl1_polyval_mmp.m
97.08.10 05:16 A D:\mymatlab\mmp\calibration\batchprocess\tl_polyval_mmp.m <-- europa /europaHD/mymatlab/mmp/calibration/batchprocess/ tl_polyval_mmp.m
97.08.10 05:16 A D:\mymatlab\mmp\calibration\batchprocess\tsbe1_mmp%.m <-- europa /europaHD/mymatlab/mmp/calibration/batchprocess/ tsbe1_mmp%.m
97.08.10 05:16 A D:\mymatlab\mmp\calibration\batchprocess\tsbe1_mmp.m <-- europa /europaHD/mymatlab/mmp/calibration/batchprocess/ tsbe1_mmp.m
97.08.10 05:17 A D:\mymatlab\mmp\calibration\batchprocess\vac1_mmp.m <-- europa /europaHD/mymatlab/mmp/calibration/batchprocess/ vac1_mmp.m
97.08.10 05:18 A D:\mymatlab\mmp\calibration\batchprocess\yday116.mat <-- europa /europaHD/mymatlab/mmp/calibration/batchprocess/ yday116.mat
97.08.10 05:19 A D:\mymatlab\mmp\calibration\batchprocess\yday116b.mat <-- europa /europaHD/mymatlab/mmp/calibration/batchprocess/ yday116b.mat
