97.08.16 09:12 A D:\mymatlab\toolbox\generaltrf\hthermistor.m <-- europa /europaHD/mymatlab/toolbox/generaltrf/ hthermistor.m
97.08.16 09:13 A D:\mymatlab\toolbox\generaltrf\plot_wbotc.m <-- europa /europaHD/mymatlab/toolbox/generaltrf/ plot_wbotc.m
97.08.16 09:13 A D:\mymatlab\toolbox\generaltrf\psd_prewhiten.m <-- europa /europaHD/mymatlab/toolbox/generaltrf/ psd_prewhiten.m
97.08.16 09:13 A D:\mymatlab\toolbox\generaltrf\shear_to_strain.m <-- europa /europaHD/mymatlab/toolbox/generaltrf/ shear_to_strain.m
97.08.16 09:13 A D:\mymatlab\toolbox\generaltrf\wbo_shot_trf.m <-- europa /europaHD/mymatlab/toolbox/generaltrf/ wbo_shot_trf.m
97.08.16 09:13 A D:\mymatlab\toolbox\generaltrf\wbo_shot_trf.m% <-- europa /europaHD/mymatlab/toolbox/generaltrf/ wbo_shot_trf.m%
97.08.16 09:13 B D:\mymatlab\toolbox\generaltrf\wbo_shots.mat <-- europa /europaHD/mymatlab/toolbox/generaltrf/ wbo_shots.mat
97.08.16 09:13 B D:\mymatlab\toolbox\generaltrf\wboc_shots.mat <-- europa /europaHD/mymatlab/toolbox/generaltrf/ wboc_shots.mat
97.08.16 09:14 A D:\mymatlab\toolbox\generaltrf\wbot_invert_trf.m <-- europa /europaHD/mymatlab/toolbox/generaltrf/ wbot_invert_trf.m
97.08.16 09:14 A D:\mymatlab\toolbox\generaltrf\wbot_invert_trf.m% <-- europa /europaHD/mymatlab/toolbox/generaltrf/ wbot_invert_trf.m%
97.08.16 09:14 B D:\mymatlab\toolbox\generaltrf\wbot_shots.mat <-- europa /europaHD/mymatlab/toolbox/generaltrf/ wbot_shots.mat
97.10.22 11:18 A D:\mymatlab\toolbox\generaltrf\bessel4.m --> deniz.ims.metu.edu.tr /disk3/users/gregg/toolbox/generaltrf bessel4.m
97.10.22 11:18 A D:\mymatlab\toolbox\generaltrf\cheby6.m --> deniz.ims.metu.edu.tr /disk3/users/gregg/toolbox/generaltrf cheby6.m
97.10.22 11:18 A D:\mymatlab\toolbox\generaltrf\gmfrspec.m --> deniz.ims.metu.edu.tr /disk3/users/gregg/toolbox/generaltrf gmfrspec.m
97.10.22 11:18 A D:\mymatlab\toolbox\generaltrf\gmfrspec_nokc.m --> deniz.ims.metu.edu.tr /disk3/users/gregg/toolbox/generaltrf gmfrspec_nokc.m
97.10.22 11:18 A D:\mymatlab\toolbox\generaltrf\gmfrspeckc.m --> deniz.ims.metu.edu.tr /disk3/users/gregg/toolbox/generaltrf gmfrspeckc.m
97.10.22 11:18 A D:\mymatlab\toolbox\generaltrf\gmspec.m --> deniz.ims.metu.edu.tr /disk3/users/gregg/toolbox/generaltrf gmspec.m
97.10.22 11:18 A D:\mymatlab\toolbox\generaltrf\haf1_1.m --> deniz.ims.metu.edu.tr /disk3/users/gregg/toolbox/generaltrf haf1_1.m
97.10.22 11:18 A D:\mymatlab\toolbox\generaltrf\haf2_1.m --> deniz.ims.metu.edu.tr /disk3/users/gregg/toolbox/generaltrf haf2_1.m
97.10.22 11:18 A D:\mymatlab\toolbox\generaltrf\haf_ninnis.m --> deniz.ims.metu.edu.tr /disk3/users/gregg/toolbox/generaltrf haf_ninnis.m
97.10.22 11:18 A D:\mymatlab\toolbox\generaltrf\haf_oakey.m --> deniz.ims.metu.edu.tr /disk3/users/gregg/toolbox/generaltrf haf_oakey.m
97.10.22 11:18 A D:\mymatlab\toolbox\generaltrf\hBessel4.m --> deniz.ims.metu.edu.tr /disk3/users/gregg/toolbox/generaltrf hBessel4.m
97.10.22 11:18 A D:\mymatlab\toolbox\generaltrf\hcf_fabula.m --> deniz.ims.metu.edu.tr /disk3/users/gregg/toolbox/generaltrf hcf_fabula.m
97.10.22 11:18 A D:\mymatlab\toolbox\generaltrf\hTch6.m --> deniz.ims.metu.edu.tr /disk3/users/gregg/toolbox/generaltrf hTch6.m
97.10.22 11:18 A D:\mymatlab\toolbox\generaltrf\hthermistor.m --> deniz.ims.metu.edu.tr /disk3/users/gregg/toolbox/generaltrf hthermistor.m
97.10.22 11:18 A D:\mymatlab\toolbox\generaltrf\plot_wbotc.m --> deniz.ims.metu.edu.tr /disk3/users/gregg/toolbox/generaltrf plot_wbotc.m
97.10.22 11:18 A D:\mymatlab\toolbox\generaltrf\psd_prewhiten.m --> deniz.ims.metu.edu.tr /disk3/users/gregg/toolbox/generaltrf psd_prewhiten.m
97.10.22 11:18 A D:\mymatlab\toolbox\generaltrf\shear_to_strain.m --> deniz.ims.metu.edu.tr /disk3/users/gregg/toolbox/generaltrf shear_to_strain.m
97.10.22 11:18 A D:\mymatlab\toolbox\generaltrf\wbo_shot_trf.m --> deniz.ims.metu.edu.tr /disk3/users/gregg/toolbox/generaltrf wbo_shot_trf.m
97.10.22 11:18 B D:\mymatlab\toolbox\generaltrf\wbo_shot_trf.m% --> deniz.ims.metu.edu.tr /disk3/users/gregg/toolbox/generaltrf wbo_shot_trf.m%
97.10.22 11:18 B D:\mymatlab\toolbox\generaltrf\wbo_shots.mat --> deniz.ims.metu.edu.tr /disk3/users/gregg/toolbox/generaltrf wbo_shots.mat
97.10.22 11:18 B D:\mymatlab\toolbox\generaltrf\wboc_shots.mat --> deniz.ims.metu.edu.tr /disk3/users/gregg/toolbox/generaltrf wboc_shots.mat
97.10.22 11:18 A D:\mymatlab\toolbox\generaltrf\wbot_invert_trf.m --> deniz.ims.metu.edu.tr /disk3/users/gregg/toolbox/generaltrf wbot_invert_trf.m
97.10.22 11:18 B D:\mymatlab\toolbox\generaltrf\wbot_invert_trf.m% --> deniz.ims.metu.edu.tr /disk3/users/gregg/toolbox/generaltrf wbot_invert_trf.m%
97.10.22 11:18 B D:\mymatlab\toolbox\generaltrf\wbot_shots.mat --> deniz.ims.metu.edu.tr /disk3/users/gregg/toolbox/generaltrf wbot_shots.mat
97.10.22 11:18 B D:\mymatlab\toolbox\generaltrf\WS_FTP.LOG --> deniz.ims.metu.edu.tr /disk3/users/gregg/toolbox/generaltrf WS_FTP.LOG
