97.08.01 17:31 B D:\aamymatlab\toolbox\multitaper\chkdclsp.m <-- europa /europaHD/aamymatlab/toolbox/multitaper/ chkdclsp.m
97.08.01 17:31 B D:\aamymatlab\toolbox\multitaper\chkdonsp.m <-- europa /europaHD/aamymatlab/toolbox/multitaper/ chkdonsp.m
97.08.01 17:31 B D:\aamymatlab\toolbox\multitaper\chksp.m <-- europa /europaHD/aamymatlab/toolbox/multitaper/ chksp.m
97.08.01 17:31 B D:\aamymatlab\toolbox\multitaper\coherence.m <-- europa /europaHD/aamymatlab/toolbox/multitaper/ coherence.m
97.08.01 17:31 B D:\aamymatlab\toolbox\multitaper\crossp.m <-- europa /europaHD/aamymatlab/toolbox/multitaper/ crossp.m
97.08.01 17:31 B D:\aamymatlab\toolbox\multitaper\dclanalysis.m <-- europa /europaHD/aamymatlab/toolbox/multitaper/ dclanalysis.m
97.08.01 17:31 B D:\aamymatlab\toolbox\multitaper\fftshift.m <-- europa /europaHD/aamymatlab/toolbox/multitaper/ fftshift.m
97.08.01 17:31 B D:\aamymatlab\toolbox\multitaper\is_vector.m <-- europa /europaHD/aamymatlab/toolbox/multitaper/ is_vector.m
97.08.01 17:31 B D:\aamymatlab\toolbox\multitaper\multitaper.m <-- europa /europaHD/aamymatlab/toolbox/multitaper/ multitaper.m
97.08.01 17:31 B D:\aamymatlab\toolbox\multitaper\multitapersp.m <-- europa /europaHD/aamymatlab/toolbox/multitaper/ multitapersp.m
97.08.01 17:31 B D:\aamymatlab\toolbox\multitaper\mydetrend.m <-- europa /europaHD/aamymatlab/toolbox/multitaper/ mydetrend.m
97.08.01 17:31 B D:\aamymatlab\toolbox\multitaper\plspanalysis.m <-- europa /europaHD/aamymatlab/toolbox/multitaper/ plspanalysis.m
97.08.01 17:31 B D:\aamymatlab\toolbox\multitaper\power.m <-- europa /europaHD/aamymatlab/toolbox/multitaper/ power.m
97.08.01 17:32 B D:\aamymatlab\toolbox\multitaper\prism.m <-- europa /europaHD/aamymatlab/toolbox/multitaper/ prism.m
97.08.01 17:32 B D:\aamymatlab\toolbox\multitaper\README <-- europa /europaHD/aamymatlab/toolbox/multitaper/ README
97.08.01 17:32 B D:\aamymatlab\toolbox\multitaper\spectra.m <-- europa /europaHD/aamymatlab/toolbox/multitaper/ spectra.m
97.08.01 17:32 B D:\aamymatlab\toolbox\multitaper\w1.m <-- europa /europaHD/aamymatlab/toolbox/multitaper/ w1.m
97.08.01 17:32 B D:\aamymatlab\toolbox\multitaper\w2.m <-- europa /europaHD/aamymatlab/toolbox/multitaper/ w2.m
97.08.01 17:32 B D:\aamymatlab\toolbox\multitaper\w3.m <-- europa /europaHD/aamymatlab/toolbox/multitaper/ w3.m
97.08.01 17:32 B D:\aamymatlab\toolbox\multitaper\w4.m <-- europa /europaHD/aamymatlab/toolbox/multitaper/ w4.m
97.08.10 04:06 A D:\mymatlab\toolbox\multitaper\chkdclsp.m <-- europa /europaHD/mymatlab/toolbox/multitaper/ chkdclsp.m
97.08.10 04:06 A D:\mymatlab\toolbox\multitaper\chkdonsp.m <-- europa /europaHD/mymatlab/toolbox/multitaper/ chkdonsp.m
97.08.10 04:06 A D:\mymatlab\toolbox\multitaper\chksp.m <-- europa /europaHD/mymatlab/toolbox/multitaper/ chksp.m
97.08.10 04:06 A D:\mymatlab\toolbox\multitaper\coherence.m <-- europa /europaHD/mymatlab/toolbox/multitaper/ coherence.m
97.08.10 04:06 A D:\mymatlab\toolbox\multitaper\crossp.m <-- europa /europaHD/mymatlab/toolbox/multitaper/ crossp.m
97.08.10 04:06 A D:\mymatlab\toolbox\multitaper\dclanalysis.m <-- europa /europaHD/mymatlab/toolbox/multitaper/ dclanalysis.m
97.08.10 04:06 A D:\mymatlab\toolbox\multitaper\fftshift.m <-- europa /europaHD/mymatlab/toolbox/multitaper/ fftshift.m
97.08.10 04:06 A D:\mymatlab\toolbox\multitaper\is_vector.m <-- europa /europaHD/mymatlab/toolbox/multitaper/ is_vector.m
97.08.10 04:06 A D:\mymatlab\toolbox\multitaper\multitaper.m <-- europa /europaHD/mymatlab/toolbox/multitaper/ multitaper.m
97.08.10 04:06 A D:\mymatlab\toolbox\multitaper\multitapersp.m <-- europa /europaHD/mymatlab/toolbox/multitaper/ multitapersp.m
97.08.10 04:06 A D:\mymatlab\toolbox\multitaper\mydetrend.m <-- europa /europaHD/mymatlab/toolbox/multitaper/ mydetrend.m
97.08.10 04:06 A D:\mymatlab\toolbox\multitaper\plspanalysis.m <-- europa /europaHD/mymatlab/toolbox/multitaper/ plspanalysis.m
97.08.10 04:06 A D:\mymatlab\toolbox\multitaper\power.m <-- europa /europaHD/mymatlab/toolbox/multitaper/ power.m
97.08.10 04:06 A D:\mymatlab\toolbox\multitaper\prism.m <-- europa /europaHD/mymatlab/toolbox/multitaper/ prism.m
97.08.10 04:06 A D:\mymatlab\toolbox\multitaper\README <-- europa /europaHD/mymatlab/toolbox/multitaper/ README
97.08.10 04:07 A D:\mymatlab\toolbox\multitaper\spectra.m <-- europa /europaHD/mymatlab/toolbox/multitaper/ spectra.m
97.08.10 04:07 A D:\mymatlab\toolbox\multitaper\w1.m <-- europa /europaHD/mymatlab/toolbox/multitaper/ w1.m
97.08.10 04:07 A D:\mymatlab\toolbox\multitaper\w2.m <-- europa /europaHD/mymatlab/toolbox/multitaper/ w2.m
97.08.10 04:07 A D:\mymatlab\toolbox\multitaper\w3.m <-- europa /europaHD/mymatlab/toolbox/multitaper/ w3.m
97.08.10 04:07 A D:\mymatlab\toolbox\multitaper\w4.m <-- europa /europaHD/mymatlab/toolbox/multitaper/ w4.m
97.10.22 11:18 A D:\mymatlab\toolbox\multitaper\chkdclsp.m --> deniz.ims.metu.edu.tr /disk3/users/gregg/toolbox/multitaper chkdclsp.m
97.10.22 11:18 A D:\mymatlab\toolbox\multitaper\chkdonsp.m --> deniz.ims.metu.edu.tr /disk3/users/gregg/toolbox/multitaper chkdonsp.m
97.10.22 11:18 A D:\mymatlab\toolbox\multitaper\chksp.m --> deniz.ims.metu.edu.tr /disk3/users/gregg/toolbox/multitaper chksp.m
97.10.22 11:18 A D:\mymatlab\toolbox\multitaper\coherence.m --> deniz.ims.metu.edu.tr /disk3/users/gregg/toolbox/multitaper coherence.m
97.10.22 11:18 A D:\mymatlab\toolbox\multitaper\crossp.m --> deniz.ims.metu.edu.tr /disk3/users/gregg/toolbox/multitaper crossp.m
97.10.22 11:18 A D:\mymatlab\toolbox\multitaper\dclanalysis.m --> deniz.ims.metu.edu.tr /disk3/users/gregg/toolbox/multitaper dclanalysis.m
97.10.22 11:18 A D:\mymatlab\toolbox\multitaper\fftshift.m --> deniz.ims.metu.edu.tr /disk3/users/gregg/toolbox/multitaper fftshift.m
97.10.22 11:18 A D:\mymatlab\toolbox\multitaper\is_vector.m --> deniz.ims.metu.edu.tr /disk3/users/gregg/toolbox/multitaper is_vector.m
97.10.22 11:18 A D:\mymatlab\toolbox\multitaper\multitaper.m --> deniz.ims.metu.edu.tr /disk3/users/gregg/toolbox/multitaper multitaper.m
97.10.22 11:18 A D:\mymatlab\toolbox\multitaper\multitapersp.m --> deniz.ims.metu.edu.tr /disk3/users/gregg/toolbox/multitaper multitapersp.m
97.10.22 11:18 A D:\mymatlab\toolbox\multitaper\mydetrend.m --> deniz.ims.metu.edu.tr /disk3/users/gregg/toolbox/multitaper mydetrend.m
97.10.22 11:18 A D:\mymatlab\toolbox\multitaper\plspanalysis.m --> deniz.ims.metu.edu.tr /disk3/users/gregg/toolbox/multitaper plspanalysis.m
97.10.22 11:18 A D:\mymatlab\toolbox\multitaper\power.m --> deniz.ims.metu.edu.tr /disk3/users/gregg/toolbox/multitaper power.m
97.10.22 11:18 A D:\mymatlab\toolbox\multitaper\prism.m --> deniz.ims.metu.edu.tr /disk3/users/gregg/toolbox/multitaper prism.m
97.10.22 11:18 B D:\mymatlab\toolbox\multitaper\README --> deniz.ims.metu.edu.tr /disk3/users/gregg/toolbox/multitaper README
97.10.22 11:18 A D:\mymatlab\toolbox\multitaper\spectra.m --> deniz.ims.metu.edu.tr /disk3/users/gregg/toolbox/multitaper spectra.m
97.10.22 11:18 A D:\mymatlab\toolbox\multitaper\w1.m --> deniz.ims.metu.edu.tr /disk3/users/gregg/toolbox/multitaper w1.m
97.10.22 11:18 A D:\mymatlab\toolbox\multitaper\w2.m --> deniz.ims.metu.edu.tr /disk3/users/gregg/toolbox/multitaper w2.m
97.10.22 11:18 A D:\mymatlab\toolbox\multitaper\w3.m --> deniz.ims.metu.edu.tr /disk3/users/gregg/toolbox/multitaper w3.m
97.10.22 11:18 A D:\mymatlab\toolbox\multitaper\w4.m --> deniz.ims.metu.edu.tr /disk3/users/gregg/toolbox/multitaper w4.m
97.10.22 11:18 B D:\mymatlab\toolbox\multitaper\WS_FTP.LOG --> deniz.ims.metu.edu.tr /disk3/users/gregg/toolbox/multitaper WS_FTP.LOG
