97.08.10 05:20 A D:\mymatlab\mmp\calibration\read\read_af_cal.m <-- europa /europaHD/mymatlab/mmp/calibration/read/ read_af_cal.m
97.08.10 05:20 A D:\mymatlab\mmp\calibration\read\read_afcal_mmp.m <-- europa /europaHD/mymatlab/mmp/calibration/read/ read_afcal_mmp.m
97.08.10 05:21 A D:\mymatlab\mmp\calibration\read\read_afcase_config.m <-- europa /europaHD/mymatlab/mmp/calibration/read/ read_afcase_config.m
97.08.10 05:21 A D:\mymatlab\mmp\calibration\read\read_afconfig_mmp.m <-- europa /europaHD/mymatlab/mmp/calibration/read/ read_afconfig_mmp.m
97.08.10 05:21 A D:\mymatlab\mmp\calibration\read\read_afwhichcal_mmp.m <-- europa /europaHD/mymatlab/mmp/calibration/read/ read_afwhichcal_mmp.m
97.08.10 05:21 A D:\mymatlab\mmp\calibration\read\read_again1_mmp.m <-- europa /europaHD/mymatlab/mmp/calibration/read/ read_again1_mmp.m
97.08.10 05:21 A D:\mymatlab\mmp\calibration\read\read_algorithm_mmp.m <-- europa /europaHD/mymatlab/mmp/calibration/read/ read_algorithm_mmp.m
97.08.10 05:21 A D:\mymatlab\mmp\calibration\read\read_chconfig_mmp.m <-- europa /europaHD/mymatlab/mmp/calibration/read/ read_chconfig_mmp.m
97.08.10 05:21 A D:\mymatlab\mmp\calibration\read\read_config_af.m <-- europa /europaHD/mymatlab/mmp/calibration/read/ read_config_af.m
97.08.10 05:21 A D:\mymatlab\mmp\calibration\read\read_config_mmp.m <-- europa /europaHD/mymatlab/mmp/calibration/read/ read_config_mmp.m
97.08.10 05:21 A D:\mymatlab\mmp\calibration\read\read_cruises_mmp.m <-- europa /europaHD/mymatlab/mmp/calibration/read/ read_cruises_mmp.m
97.08.10 05:21 A D:\mymatlab\mmp\calibration\read\read_csbecal_mmp%.m <-- europa /europaHD/mymatlab/mmp/calibration/read/ read_csbecal_mmp%.m
97.08.10 05:21 A D:\mymatlab\mmp\calibration\read\read_csbecal_mmp.m <-- europa /europaHD/mymatlab/mmp/calibration/read/ read_csbecal_mmp.m
97.08.10 05:21 A D:\mymatlab\mmp\calibration\read\read_frcal1_mmp.m <-- europa /europaHD/mymatlab/mmp/calibration/read/ read_frcal1_mmp.m
97.08.10 05:21 A D:\mymatlab\mmp\calibration\read\read_magvar_mmp.m <-- europa /europaHD/mymatlab/mmp/calibration/read/ read_magvar_mmp.m
97.08.10 05:21 A D:\mymatlab\mmp\calibration\read\read_mmpid.m <-- europa /europaHD/mymatlab/mmp/calibration/read/ read_mmpid.m
97.08.10 05:21 A D:\mymatlab\mmp\calibration\read\read_Parospcal1_mmp.m <-- europa /europaHD/mymatlab/mmp/calibration/read/ read_Parospcal1_mmp.m
97.08.10 05:21 A D:\mymatlab\mmp\calibration\read\read_Parospcal2_mmp.m <-- europa /europaHD/mymatlab/mmp/calibration/read/ read_Parospcal2_mmp.m
97.08.10 05:21 A D:\mymatlab\mmp\calibration\read\read_pr_config_mmp.m <-- europa /europaHD/mymatlab/mmp/calibration/read/ read_pr_config_mmp.m
97.08.10 05:21 A D:\mymatlab\mmp\calibration\read\read_pump_mmp.m <-- europa /europaHD/mymatlab/mmp/calibration/read/ read_pump_mmp.m
97.08.10 05:21 A D:\mymatlab\mmp\calibration\read\read_rawdata_mmp.m <-- europa /europaHD/mymatlab/mmp/calibration/read/ read_rawdata_mmp.m
97.08.10 05:21 A D:\mymatlab\mmp\calibration\read\read_Sa1_mmp.m <-- europa /europaHD/mymatlab/mmp/calibration/read/ read_Sa1_mmp.m
97.08.10 05:21 A D:\mymatlab\mmp\calibration\read\read_timeplace_mmp.m <-- europa /europaHD/mymatlab/mmp/calibration/read/ read_timeplace_mmp.m
97.08.10 05:21 A D:\mymatlab\mmp\calibration\read\read_tsbecal_mmp.m <-- europa /europaHD/mymatlab/mmp/calibration/read/ read_tsbecal_mmp.m
97.08.10 05:21 A D:\mymatlab\mmp\calibration\read\read_whichcal_mmp.m <-- europa /europaHD/mymatlab/mmp/calibration/read/ read_whichcal_mmp.m
